-----------------------------------------------------------------------------------------------
[2020-06-04 09:22:45] [info] [master] [version]
Script Version : 	1.0
Board Type:		GG3.1
System Version:		"2.0.9",

======================================================================================
|  PORT  |  PRESENT  |      SERIAL NUMBER         |       FORMAT       |   VERSION   |
======================================================================================
|    0   |     NO    |              NULL          |        NULL        |     NULL    |
|    1   |     NO    |              NULL          |        NULL        |     NULL    |
|    2   |     NO    |              NULL          |        NULL        |     NULL    |
|    3   |     NO    |              NULL          |        NULL        |     NULL    |
|    4   |     NO    |              NULL          |        NULL        |     NULL    |
|    5   |     NO    |              NULL          |        NULL        |     NULL    |
|    6   |     NO    |              NULL          |        NULL        |     NULL    |
|    7   |     NO    |              NULL          |        NULL        |     NULL    |
======================================================================================

-----------------------------------------------------------------------------------------------
[2020-06-04 09:22:45] [info] [master] [system status]
RAM 720/6847MB (lfb 778x4MB) CPU [0%@1893,0%@1960,0%@1958,0%@1912,0%@1912,0%@1912] EMC_FREQ 0%@1600 GR3D_FREQ 0%@1134 APE 158 MTS fg 0% bg 0% BCPU@46C MCPU@46C GPU@43.5C PLL@46C Tboard@41C Tdiode@43.75C PMIC@100C thermal@45.3C VDD_IN 3546/3546 VDD_CPU 495/495 VDD_GPU 148/148 VDD_SOC 743/743 VDD_WIFI 0/0 VDD_DDR 730/730
RAM 720/6847MB (lfb 778x4MB) CPU [0%@1890,0%@1959,0%@1959,0%@1913,0%@1912,0%@1914] EMC_FREQ 0%@1600 GR3D_FREQ 0%@1134 APE 158 MTS fg 0% bg 0% BCPU@46C MCPU@46C GPU@43.5C PLL@46C Tboard@41C Tdiode@43.75C PMIC@100C thermal@45C VDD_IN 3323/3434 VDD_CPU 346/420 VDD_GPU 148/148 VDD_SOC 743/743 VDD_WIFI 0/0 VDD_DDR 711/720

 09:22:48 up 5 days, 23:26,  5 users,  load average: 2.15, 2.51, 3.80

Filesystem       Size  Used Avail Use% Mounted on
/dev/root        8.8G  5.8G  2.6G  70% /
devtmpfs         6.6G     0  6.6G   0% /dev
tmpfs            6.7G     0  6.7G   0% /dev/shm
tmpfs            6.7G  621M  6.1G  10% /run
tmpfs            5.0M  4.0K  5.0M   1% /run/lock
tmpfs            6.7G     0  6.7G   0% /sys/fs/cgroup
/dev/mmcblk0p29   19G  9.1G  9.0G  51% /home
tmpfs            685M  4.0K  685M   1% /run/user/106
/dev/sda         459G  133G  303G  31% /home/worker/disk
tmpfs            685M  4.0K  685M   1% /run/user/999

              total        used        free      shared  buff/cache   available
Mem:           6.7G        453M        3.2G        628M        3.1G        5.6G
Swap:            0B          0B          0B

-----------------------------------------------------------------------------------------------
[2020-06-04 09:22:48] [info] [slave] [system status]
Welcome to Ubuntu 16.04 LTS (GNU/Linux 4.4.38+ aarch64)

 * Documentation:  https://help.ubuntu.com/

565 packages can be updated.
291 updates are security updates.

New release '18.04.4 LTS' available.
Run 'do-release-upgrade' to upgrade to it.

RAM 647/6847MB (lfb 1371x4MB) CPU [0%@1908,0%@1958,0%@1958,0%@1913,0%@1912,0%@1908] EMC_FREQ 11%@1600 GR3D_FREQ 99%@1134 APE 158 MTS fg 0% bg 0% BCPU@61.5C MCPU@61.5C GPU@60C PLL@61.5C Tboard@57C Tdiode@60C PMIC@100C thermal@60.5C VDD_IN 9820/9820 VDD_CPU 3312/3312 VDD_GPU 2720/2720 VDD_SOC 939/939 VDD_WIFI 0/0 VDD_DDR 1307/1307
RAM 647/6847MB (lfb 1371x4MB) CPU [0%@1914,100%@1958,100%@1957,100%@1916,0%@1918,0%@1913] EMC_FREQ 11%@1600 GR3D_FREQ 99%@1134 APE 158 MTS fg 0% bg 0% BCPU@61C MCPU@61C GPU@60C PLL@61C Tboard@57C Tdiode@60.5C PMIC@100C thermal@60.9C VDD_IN 10159/9989 VDD_CPU 3359/3335 VDD_GPU 3114/2917 VDD_SOC 939/939 VDD_WIFI 0/0 VDD_DDR 1288/1297

 09:22:50 up 5 days, 23:36,  1 user,  load average: 5.01, 5.02, 5.00

Filesystem       Size  Used Avail Use% Mounted on
/dev/root        8.8G  5.1G  3.3G  61% /
devtmpfs         6.6G     0  6.6G   0% /dev
tmpfs            6.7G     0  6.7G   0% /dev/shm
tmpfs            6.7G  150M  6.6G   3% /run
tmpfs            5.0M     0  5.0M   0% /run/lock
tmpfs            6.7G     0  6.7G   0% /sys/fs/cgroup
/dev/mmcblk0p29   19G  6.8G   12G  38% /home
tmpfs            685M  4.0K  685M   1% /run/user/999

              total        used        free      shared  buff/cache   available
Mem:           6.7G        562M        5.4G        160M        775M        5.9G
Swap:            0B          0B          0B

-----------------------------------------------------------------------------------------------
[2020-06-04 09:22:50] [info] [master] [config para]
{
	"fb_switch": 1,
	"uos_name": "uisee_0424",
	"para_cpu": {
		"core_m_num": 2,
		"core_s_num": 2,
		"switch_m": 1,
		"switch_s": 1
	},
	"para_gpu": {
		"switch_m": 1,
		"switch_s": 1
	},
	"para_lidar": {
		"l1_ip": "192.168.100.105",
		"l1_name": "worker",
		"l2_ip": "192.168.100.105",
		"l2_name": "worker",
		"iperf_band": 500
	},
	"para_stat": {
		"mail_switch_annex": 0,
		"mail_switch_content": 1,
		"mail_cc_account" : "jianqiangx.shang@uisee.com, 425833796@qq.com"
	}
}
-----------------------------------------------------------------------------------------------
