2018-10-04 05:23:46.095 /dev/video4 27 1 0
2018-10-04 05:23:46.096 /dev/video5 27 1 0
2018-10-04 05:23:48.098 /dev/video5 59 1 0
2018-10-04 05:23:48.100 /dev/video4 59 1 0
2018-10-04 05:23:50.102 /dev/video5 91 1 0
2018-10-04 05:23:50.104 /dev/video4 91 1 0
2018-10-04 05:23:52.110 /dev/video4 123 1 0
2018-10-04 05:23:52.110 /dev/video5 123 1 0
2018-10-04 05:23:54.112 /dev/video4 155 1 0
2018-10-04 05:23:54.114 /dev/video5 155 1 0
2018-10-04 05:23:56.180 /dev/video4 188 1 0
2018-10-04 05:23:56.181 /dev/video5 188 1 0
2018-10-04 05:23:58.184 /dev/video5 220 1 0
2018-10-04 05:23:58.186 /dev/video4 220 1 0
2018-10-04 05:24:00.188 /dev/video5 252 1 0
2018-10-04 05:24:00.190 /dev/video4 252 1 0
2018-10-04 05:24:02.194 /dev/video4 284 1 0
2018-10-04 05:24:02.195 /dev/video5 284 1 0
2018-10-04 05:24:04.198 /dev/video4 316 1 0
2018-10-04 05:24:04.199 /dev/video5 316 1 0
2018-10-04 05:24:06.181 /dev/video5 348 1 0
2018-10-04 05:24:06.183 /dev/video4 348 1 0
2018-10-04 05:24:08.219 /dev/video4 382 1 0
2018-10-04 05:24:08.221 /dev/video5 382 1 0
2018-10-04 05:24:10.224 /dev/video5 414 1 0
2018-10-04 05:24:10.226 /dev/video4 414 1 0
2018-10-04 05:24:12.230 /dev/video4 446 1 0
2018-10-04 05:24:12.231 /dev/video5 446 1 0
2018-10-04 05:24:14.234 /dev/video4 478 1 0
2018-10-04 05:24:14.235 /dev/video5 478 1 0
2018-10-04 05:24:16.238 /dev/video4 510 1 0
2018-10-04 05:24:16.239 /dev/video5 510 1 0
2018-10-04 05:24:18.242 /dev/video5 542 1 0
2018-10-04 05:24:18.244 /dev/video4 542 1 0
2018-10-04 05:24:20.248 /dev/video4 574 1 0
2018-10-04 05:24:20.249 /dev/video5 574 1 0
2018-10-04 05:24:22.252 /dev/video4 606 1 0
2018-10-04 05:24:22.253 /dev/video5 606 1 0
2018-10-04 05:24:24.256 /dev/video4 638 1 0
2018-10-04 05:24:24.257 /dev/video5 638 1 0
2018-10-04 05:24:26.260 /dev/video5 670 1 0
2018-10-04 05:24:26.262 /dev/video4 670 1 0
2018-10-04 05:24:28.266 /dev/video4 702 1 0
2018-10-04 05:24:28.267 /dev/video5 702 1 0
2018-10-04 05:24:30.334 /dev/video4 735 1 0
2018-10-04 05:24:30.334 /dev/video5 735 1 0
2018-10-04 05:24:32.338 /dev/video4 767 1 0
2018-10-04 05:24:32.338 /dev/video5 767 1 0
2018-10-04 05:24:34.342 /dev/video4 799 1 0
2018-10-04 05:24:34.342 /dev/video5 799 1 0
2018-10-04 05:24:36.345 /dev/video5 831 1 0
2018-10-04 05:24:36.347 /dev/video4 831 1 0
2018-10-04 05:24:38.352 /dev/video4 863 1 0
2018-10-04 05:24:38.352 /dev/video5 863 1 0
2018-10-04 05:24:40.356 /dev/video4 895 1 0
2018-10-04 05:24:40.356 /dev/video5 895 1 0
2018-10-04 05:24:42.359 /dev/video4 927 1 0
2018-10-04 05:24:42.360 /dev/video5 927 1 0
2018-10-04 05:24:44.363 /dev/video5 959 1 0
2018-10-04 05:24:44.365 /dev/video4 959 1 0
2018-10-04 05:24:46.369 /dev/video4 991 1 0
2018-10-04 05:24:46.370 /dev/video5 991 1 0
2018-10-04 05:24:48.373 /dev/video4 1023 1 0
2018-10-04 05:24:48.374 /dev/video5 1023 1 0
2018-10-04 05:24:50.377 /dev/video4 1055 1 0
2018-10-04 05:24:50.378 /dev/video5 1055 1 0
2018-10-04 05:24:52.381 /dev/video5 1087 1 0
2018-10-04 05:24:52.383 /dev/video4 1087 1 0
2018-10-04 05:24:54.387 /dev/video4 1119 1 0
2018-10-04 05:24:54.388 /dev/video5 1119 1 0
2018-10-04 05:24:56.391 /dev/video4 1151 1 0
2018-10-04 05:24:56.392 /dev/video5 1151 1 0
2018-10-04 05:24:58.396 /dev/video4 1183 1 0
2018-10-04 05:24:58.396 /dev/video5 1183 1 0
2018-10-04 05:25:00.462 /dev/video5 1216 1 0
2018-10-04 05:25:00.464 /dev/video4 1216 1 0
2018-10-04 05:25:02.466 /dev/video5 1248 1 0
2018-10-04 05:25:02.468 /dev/video4 1248 1 0
2018-10-04 05:25:04.472 /dev/video4 1280 1 0
2018-10-04 05:25:04.473 /dev/video5 1280 1 0
2018-10-04 05:25:06.476 /dev/video4 1312 1 0
2018-10-04 05:25:06.477 /dev/video5 1312 1 0
2018-10-04 05:25:08.480 /dev/video5 1344 1 0
2018-10-04 05:25:08.482 /dev/video4 1344 1 0
2018-10-04 05:25:10.484 /dev/video5 1376 1 0
2018-10-04 05:25:10.486 /dev/video4 1376 1 0
2018-10-04 05:25:12.490 /dev/video4 1408 1 0
2018-10-04 05:25:12.491 /dev/video5 1408 1 0
2018-10-04 05:25:14.494 /dev/video4 1440 1 0
2018-10-04 05:25:14.495 /dev/video5 1440 1 0
2018-10-04 05:25:16.498 /dev/video5 1472 1 0
2018-10-04 05:25:16.500 /dev/video4 1472 1 0
2018-10-04 05:25:18.502 /dev/video5 1504 1 0
2018-10-04 05:25:18.504 /dev/video4 1504 1 0
2018-10-04 05:25:20.509 /dev/video4 1536 1 0
2018-10-04 05:25:20.510 /dev/video5 1536 1 0
2018-10-04 05:25:22.513 /dev/video4 1568 1 0
2018-10-04 05:25:22.514 /dev/video5 1568 1 0
2018-10-04 05:25:24.516 /dev/video5 1600 1 0
2018-10-04 05:25:24.518 /dev/video4 1600 1 0
2018-10-04 05:25:26.520 /dev/video5 1632 1 0
2018-10-04 05:25:26.522 /dev/video4 1632 1 0
2018-10-04 05:25:28.587 /dev/video5 1665 1 0
2018-10-04 05:25:28.589 /dev/video4 1665 1 0
2018-10-04 05:25:30.593 /dev/video4 1697 1 0
2018-10-04 05:25:30.595 /dev/video5 1697 1 0
2018-10-04 05:25:32.597 /dev/video4 1729 1 0
2018-10-04 05:25:32.599 /dev/video5 1729 1 0
2018-10-04 05:25:34.601 /dev/video5 1761 1 0
2018-10-04 05:25:34.603 /dev/video4 1761 1 0
2018-10-04 05:25:36.605 /dev/video5 1793 1 0
2018-10-04 05:25:36.607 /dev/video4 1793 1 0
2018-10-04 05:25:38.612 /dev/video4 1825 1 0
2018-10-04 05:25:38.613 /dev/video5 1825 1 0
2018-10-04 05:25:40.615 /dev/video4 1857 1 0
2018-10-04 05:25:40.617 /dev/video5 1857 1 0
2018-10-04 05:25:42.619 /dev/video5 1889 1 0
2018-10-04 05:25:42.621 /dev/video4 1889 1 0
2018-10-04 05:25:44.623 /dev/video5 1921 1 0
2018-10-04 05:25:44.625 /dev/video4 1921 1 0
2018-10-04 05:25:46.629 /dev/video4 1953 1 0
2018-10-04 05:25:46.631 /dev/video5 1953 1 0
2018-10-04 05:25:48.633 /dev/video4 1985 1 0
2018-10-04 05:25:48.635 /dev/video5 1985 1 0
2018-10-04 05:25:50.637 /dev/video5 2017 1 0
2018-10-04 05:25:50.639 /dev/video4 2017 1 0
2018-10-04 05:25:52.641 /dev/video5 2049 1 0
2018-10-04 05:25:52.643 /dev/video4 2049 1 0
2018-10-04 05:25:54.647 /dev/video4 2081 1 0
2018-10-04 05:25:54.649 /dev/video5 2081 1 0
2018-10-04 05:25:56.715 /dev/video4 2114 1 0
2018-10-04 05:25:56.716 /dev/video5 2114 1 0
2018-10-04 05:25:58.719 /dev/video4 2146 1 0
2018-10-04 05:25:58.720 /dev/video5 2146 1 0
2018-10-04 05:26:00.723 /dev/video5 2178 1 0
2018-10-04 05:26:00.725 /dev/video4 2178 1 0
2018-10-04 05:26:02.729 /dev/video4 2210 1 0
2018-10-04 05:26:02.730 /dev/video5 2210 1 0
2018-10-04 05:26:04.733 /dev/video4 2242 1 0
2018-10-04 05:26:04.734 /dev/video5 2242 1 0
2018-10-04 05:26:06.737 /dev/video4 2274 1 0
2018-10-04 05:26:06.738 /dev/video5 2274 1 0
2018-10-04 05:26:08.741 /dev/video5 2306 1 0
2018-10-04 05:26:08.743 /dev/video4 2306 1 0
2018-10-04 05:26:10.748 /dev/video4 2338 1 0
2018-10-04 05:26:10.748 /dev/video5 2338 1 0
2018-10-04 05:26:12.752 /dev/video4 2370 1 0
2018-10-04 05:26:12.752 /dev/video5 2370 1 0
2018-10-04 05:26:14.782 /dev/video4 2402 1 0
2018-10-04 05:26:14.782 /dev/video5 2402 1 0
2018-10-04 05:26:16.759 /dev/video5 2434 1 0
2018-10-04 05:26:16.761 /dev/video4 2434 1 0
2018-10-04 05:26:18.763 /dev/video5 2466 1 0
2018-10-04 05:26:18.765 /dev/video4 2466 1 0
2018-10-04 05:26:20.770 /dev/video4 2498 1 0
2018-10-04 05:26:20.770 /dev/video5 2498 1 0
2018-10-04 05:26:22.773 /dev/video4 2530 1 0
2018-10-04 05:26:22.774 /dev/video5 2530 1 0
2018-10-04 05:26:24.777 /dev/video5 2562 1 0
2018-10-04 05:26:24.779 /dev/video4 2562 1 0
2018-10-04 05:26:26.844 /dev/video5 2595 1 0
2018-10-04 05:26:26.846 /dev/video4 2595 1 0
2018-10-04 05:26:28.850 /dev/video4 2627 1 0
2018-10-04 05:26:28.851 /dev/video5 2627 1 0
2018-10-04 05:26:30.854 /dev/video4 2659 1 0
2018-10-04 05:26:30.855 /dev/video5 2659 1 0
2018-10-04 05:26:32.858 /dev/video4 2691 1 0
2018-10-04 05:26:32.859 /dev/video5 2691 1 0
2018-10-04 05:26:34.862 /dev/video5 2723 1 0
2018-10-04 05:26:34.864 /dev/video4 2723 1 0
2018-10-04 05:26:36.868 /dev/video4 2755 1 0
2018-10-04 05:26:36.869 /dev/video5 2755 1 0
2018-10-04 05:26:38.872 /dev/video4 2787 1 0
2018-10-04 05:26:38.873 /dev/video5 2787 1 0
2018-10-04 05:26:40.876 /dev/video4 2819 1 0
2018-10-04 05:26:40.877 /dev/video5 2819 1 0
2018-10-04 05:26:42.880 /dev/video5 2851 1 0
2018-10-04 05:26:42.882 /dev/video4 2851 1 0
2018-10-04 05:26:44.886 /dev/video4 2883 1 0
2018-10-04 05:26:44.887 /dev/video5 2883 1 0
2018-10-04 05:26:46.890 /dev/video4 2915 1 0
2018-10-04 05:26:46.891 /dev/video5 2915 1 0
2018-10-04 05:26:48.894 /dev/video4 2947 1 0
2018-10-04 05:26:48.895 /dev/video5 2947 1 0
2018-10-04 05:26:50.898 /dev/video5 2979 1 0
2018-10-04 05:26:50.900 /dev/video4 2979 1 0
2018-10-04 05:26:52.965 /dev/video5 3012 1 0
2018-10-04 05:26:52.967 /dev/video4 3012 1 0
2018-10-04 05:26:54.972 /dev/video4 3044 1 0
2018-10-04 05:26:54.972 /dev/video5 3044 1 0
2018-10-04 05:26:56.976 /dev/video4 3076 1 0
2018-10-04 05:26:56.976 /dev/video5 3076 1 0
2018-10-04 05:26:58.980 /dev/video4 3108 1 0
2018-10-04 05:26:58.980 /dev/video5 3108 1 0
2018-10-04 05:27:00.983 /dev/video5 3140 1 0
2018-10-04 05:27:00.985 /dev/video4 3140 1 0
2018-10-04 05:27:02.990 /dev/video4 3172 1 0
2018-10-04 05:27:02.990 /dev/video5 3172 1 0
2018-10-04 05:27:04.994 /dev/video4 3204 1 0
2018-10-04 05:27:04.994 /dev/video5 3204 1 0
2018-10-04 05:27:06.998 /dev/video4 3236 1 0
2018-10-04 05:27:06.999 /dev/video5 3236 1 0
2018-10-04 05:27:09.001 /dev/video5 3268 1 0
2018-10-04 05:27:09.003 /dev/video4 3268 1 0
2018-10-04 05:27:11.007 /dev/video4 3300 1 0
2018-10-04 05:27:11.008 /dev/video5 3300 1 0
2018-10-04 05:27:13.011 /dev/video4 3332 1 0
2018-10-04 05:27:13.013 /dev/video5 3332 1 0
2018-10-04 05:27:15.015 /dev/video4 3364 1 0
2018-10-04 05:27:15.017 /dev/video5 3364 1 0
2018-10-04 05:27:17.019 /dev/video5 3396 1 0
2018-10-04 05:27:17.021 /dev/video4 3396 1 0
2018-10-04 05:27:19.025 /dev/video4 3428 1 0
2018-10-04 05:27:19.027 /dev/video5 3428 1 0
2018-10-04 05:27:21.092 /dev/video4 3461 1 0
2018-10-04 05:27:21.094 /dev/video5 3461 1 0
2018-10-04 05:27:23.096 /dev/video4 3493 1 0
2018-10-04 05:27:23.098 /dev/video5 3493 1 0
2018-10-04 05:27:25.100 /dev/video4 3525 1 0
2018-10-04 05:27:25.102 /dev/video5 3525 1 0
2018-10-04 05:27:27.104 /dev/video5 3557 1 0
2018-10-04 05:27:27.106 /dev/video4 3557 1 0
2018-10-04 05:27:29.111 /dev/video4 3589 1 0
2018-10-04 05:27:29.112 /dev/video5 3589 1 0
2018-10-04 05:27:31.115 /dev/video4 3621 1 0
2018-10-04 05:27:31.116 /dev/video5 3621 1 0
2018-10-04 05:27:33.119 /dev/video4 3653 1 0
2018-10-04 05:27:33.120 /dev/video5 3653 1 0
2018-10-04 05:27:35.122 /dev/video5 3685 1 0
2018-10-04 05:27:35.124 /dev/video4 3685 1 0
2018-10-04 05:27:37.128 /dev/video4 3717 1 0
2018-10-04 05:27:37.130 /dev/video5 3717 1 0
2018-10-04 05:27:39.132 /dev/video4 3749 1 0
2018-10-04 05:27:39.134 /dev/video5 3749 1 0
2018-10-04 05:27:41.136 /dev/video4 3781 1 0
2018-10-04 05:27:41.138 /dev/video5 3781 1 0
2018-10-04 05:27:43.140 /dev/video5 3813 1 0
2018-10-04 05:27:43.142 /dev/video4 3813 1 0
2018-10-04 05:27:45.148 /dev/video4 3845 1 0
2018-10-04 05:27:45.148 /dev/video5 3845 1 0
2018-10-04 05:27:47.152 /dev/video4 3877 1 0
2018-10-04 05:27:47.152 /dev/video5 3877 1 0
2018-10-04 05:27:49.218 /dev/video4 3910 1 0
2018-10-04 05:27:49.219 /dev/video5 3910 1 0
2018-10-04 05:27:51.222 /dev/video5 3942 1 0
2018-10-04 05:27:51.223 /dev/video4 3942 1 0
2018-10-04 05:27:53.226 /dev/video5 3974 1 0
2018-10-04 05:27:53.228 /dev/video4 3974 1 0
2018-10-04 05:27:55.233 /dev/video4 4006 1 0
2018-10-04 05:27:55.233 /dev/video5 4006 1 0
2018-10-04 05:27:57.237 /dev/video4 4038 1 0
2018-10-04 05:27:57.237 /dev/video5 4038 1 0
2018-10-04 05:27:59.240 /dev/video5 4070 1 0
2018-10-04 05:27:59.242 /dev/video4 4070 1 0
2018-10-04 05:28:01.244 /dev/video5 4102 1 0
2018-10-04 05:28:01.246 /dev/video4 4102 1 0
2018-10-04 05:28:03.251 /dev/video4 4134 1 0
2018-10-04 05:28:03.251 /dev/video5 4134 1 0
2018-10-04 05:28:05.255 /dev/video4 4166 1 0
2018-10-04 05:28:05.255 /dev/video5 4166 1 0
2018-10-04 05:28:07.258 /dev/video5 4198 1 0
2018-10-04 05:28:07.260 /dev/video4 4198 1 0
2018-10-04 05:28:09.262 /dev/video5 4230 1 0
2018-10-04 05:28:09.264 /dev/video4 4230 1 0
2018-10-04 05:28:11.269 /dev/video4 4262 1 0
2018-10-04 05:28:11.269 /dev/video5 4262 1 0
2018-10-04 05:28:13.273 /dev/video4 4294 1 0
2018-10-04 05:28:13.273 /dev/video5 4294 1 0
2018-10-04 05:28:15.276 /dev/video5 4326 1 0
2018-10-04 05:28:15.278 /dev/video4 4326 1 0
2018-10-04 05:28:17.343 /dev/video5 4359 1 0
2018-10-04 05:28:17.345 /dev/video4 4359 1 0
2018-10-04 05:28:19.347 /dev/video5 4391 1 0
2018-10-04 05:28:19.349 /dev/video4 4391 1 0
2018-10-04 05:28:21.353 /dev/video4 4423 1 0
2018-10-04 05:28:21.354 /dev/video5 4423 1 0
2018-10-04 05:28:23.357 /dev/video4 4455 1 0
2018-10-04 05:28:23.358 /dev/video5 4455 1 0
2018-10-04 05:28:25.361 /dev/video5 4487 1 0
2018-10-04 05:28:25.363 /dev/video4 4487 1 0
2018-10-04 05:28:27.365 /dev/video5 4519 1 0
2018-10-04 05:28:27.367 /dev/video4 4519 1 0
2018-10-04 05:28:29.371 /dev/video4 4551 1 0
2018-10-04 05:28:29.372 /dev/video5 4551 1 0
2018-10-04 05:28:31.375 /dev/video4 4583 1 0
2018-10-04 05:28:31.376 /dev/video5 4583 1 0
2018-10-04 05:28:33.379 /dev/video5 4615 1 0
2018-10-04 05:28:33.381 /dev/video4 4615 1 0
2018-10-04 05:28:35.383 /dev/video5 4647 1 0
2018-10-04 05:28:35.385 /dev/video4 4647 1 0
2018-10-04 05:28:37.389 /dev/video4 4679 1 0
2018-10-04 05:28:37.390 /dev/video5 4679 1 0
2018-10-04 05:28:39.393 /dev/video4 4711 1 0
2018-10-04 05:28:39.394 /dev/video5 4711 1 0
2018-10-04 05:28:41.397 /dev/video5 4743 1 0
2018-10-04 05:28:41.399 /dev/video4 4743 1 0
2018-10-04 05:28:43.401 /dev/video5 4775 1 0
2018-10-04 05:28:43.403 /dev/video4 4775 1 0
2018-10-04 05:28:45.468 /dev/video5 4808 1 0
2018-10-04 05:28:45.470 /dev/video4 4808 1 0
2018-10-04 05:28:47.474 /dev/video4 4840 1 0
2018-10-04 05:28:47.475 /dev/video5 4840 1 0
2018-10-04 05:28:49.478 /dev/video4 4872 1 0
2018-10-04 05:28:49.479 /dev/video5 4872 1 0
2018-10-04 05:28:51.482 /dev/video5 4904 1 0
2018-10-04 05:28:51.484 /dev/video4 4904 1 0
2018-10-04 05:28:53.486 /dev/video5 4936 1 0
2018-10-04 05:28:53.488 /dev/video4 4936 1 0
2018-10-04 05:28:55.492 /dev/video4 4968 1 0
2018-10-04 05:28:55.493 /dev/video5 4968 1 0
2018-10-04 05:28:57.496 /dev/video4 5000 1 0
2018-10-04 05:28:57.497 /dev/video5 5000 1 0
2018-10-04 05:28:59.500 /dev/video5 5032 1 0
2018-10-04 05:28:59.502 /dev/video4 5032 1 0
2018-10-04 05:29:01.506 /dev/video4 5064 1 0
2018-10-04 05:29:01.507 /dev/video5 5064 1 0
2018-10-04 05:29:03.510 /dev/video4 5096 1 0
2018-10-04 05:29:03.512 /dev/video5 5096 1 0
2018-10-04 05:29:05.515 /dev/video4 5128 1 0
2018-10-04 05:29:05.516 /dev/video5 5128 1 0
2018-10-04 05:29:07.518 /dev/video5 5160 1 0
2018-10-04 05:29:07.520 /dev/video4 5160 1 0
2018-10-04 05:29:09.525 /dev/video4 5192 1 0
2018-10-04 05:29:09.526 /dev/video5 5192 1 0
2018-10-04 05:29:11.528 /dev/video4 5224 1 0
2018-10-04 05:29:11.530 /dev/video5 5224 1 0
2018-10-04 05:29:13.595 /dev/video4 5257 1 0
2018-10-04 05:29:13.597 /dev/video5 5257 1 0
2018-10-04 05:29:15.599 /dev/video4 5289 1 0
2018-10-04 05:29:15.601 /dev/video5 5289 1 0
2018-10-04 05:29:17.603 /dev/video5 5321 1 0
2018-10-04 05:29:17.605 /dev/video4 5321 1 0
2018-10-04 05:29:19.609 /dev/video4 5353 1 0
2018-10-04 05:29:19.611 /dev/video5 5353 1 0
2018-10-04 05:29:21.613 /dev/video4 5385 1 0
2018-10-04 05:29:21.615 /dev/video5 5385 1 0
2018-10-04 05:29:23.619 /dev/video4 5417 1 0
2018-10-04 05:29:23.619 /dev/video5 5417 1 0
2018-10-04 05:29:25.621 /dev/video5 5449 1 0
2018-10-04 05:29:25.623 /dev/video4 5449 1 0
2018-10-04 05:29:27.628 /dev/video4 5481 1 0
2018-10-04 05:29:27.629 /dev/video5 5481 1 0
2018-10-04 05:29:29.632 /dev/video4 5513 1 0
2018-10-04 05:29:29.633 /dev/video5 5513 1 0
2018-10-04 05:29:31.637 /dev/video4 5545 1 0
2018-10-04 05:29:31.637 /dev/video5 5545 1 0
2018-10-04 05:29:33.639 /dev/video5 5577 1 0
2018-10-04 05:29:33.641 /dev/video4 5577 1 0
2018-10-04 05:29:35.647 /dev/video4 5609 1 0
2018-10-04 05:29:35.647 /dev/video5 5609 1 0
2018-10-04 05:29:37.651 /dev/video4 5641 1 0
2018-10-04 05:29:37.651 /dev/video5 5641 1 0
2018-10-04 05:29:39.655 /dev/video5 5673 1 0
2018-10-04 05:29:39.717 /dev/video4 5674 1 0
2018-10-04 05:29:41.721 /dev/video4 5706 1 0
2018-10-04 05:29:41.722 /dev/video5 5706 1 0
2018-10-04 05:29:43.725 /dev/video5 5738 1 0
2018-10-04 05:29:43.727 /dev/video4 5738 1 0
2018-10-04 05:29:45.731 /dev/video4 5770 1 0
2018-10-04 05:29:45.732 /dev/video5 5770 1 0
2018-10-04 05:29:47.735 /dev/video4 5802 1 0
2018-10-04 05:29:47.736 /dev/video5 5802 1 0
2018-10-04 05:29:49.739 /dev/video4 5834 1 0
2018-10-04 05:29:49.740 /dev/video5 5834 1 0
2018-10-04 05:29:51.743 /dev/video5 5866 1 0
2018-10-04 05:29:51.745 /dev/video4 5866 1 0
2018-10-04 05:29:53.749 /dev/video4 5898 1 0
2018-10-04 05:29:53.750 /dev/video5 5898 1 0
2018-10-04 05:29:55.753 /dev/video4 5930 1 0
2018-10-04 05:29:55.754 /dev/video5 5930 1 0
2018-10-04 05:29:57.757 /dev/video4 5962 1 0
2018-10-04 05:29:57.758 /dev/video5 5962 1 0
2018-10-04 05:29:59.761 /dev/video5 5994 1 0
2018-10-04 05:29:59.763 /dev/video4 5994 1 0
2018-10-04 05:30:01.768 /dev/video4 6026 1 0
2018-10-04 05:30:01.768 /dev/video5 6026 1 0
2018-10-04 05:30:03.771 /dev/video4 6058 1 0
2018-10-04 05:30:03.772 /dev/video5 6058 1 0
2018-10-04 05:30:05.775 /dev/video4 6090 1 0
2018-10-04 05:30:05.776 /dev/video5 6090 1 0
2018-10-04 05:30:07.842 /dev/video4 6123 1 0
2018-10-04 05:30:07.843 /dev/video5 6123 1 0
2018-10-04 05:30:09.846 /dev/video5 6155 1 0
2018-10-04 05:30:09.848 /dev/video4 6155 1 0
2018-10-04 05:30:11.853 /dev/video4 6187 1 0
2018-10-04 05:30:11.853 /dev/video5 6187 1 0
2018-10-04 05:30:13.857 /dev/video4 6219 1 0
2018-10-04 05:30:13.857 /dev/video5 6219 1 0
2018-10-04 05:30:15.860 /dev/video4 6251 1 0
2018-10-04 05:30:15.861 /dev/video5 6251 1 0
2018-10-04 05:30:17.864 /dev/video5 6283 1 0
2018-10-04 05:30:17.866 /dev/video4 6283 1 0
2018-10-04 05:30:19.870 /dev/video4 6315 1 0
2018-10-04 05:30:19.871 /dev/video5 6315 1 0
2018-10-04 05:30:21.874 /dev/video4 6347 1 0
2018-10-04 05:30:21.875 /dev/video5 6347 1 0
2018-10-04 05:30:23.878 /dev/video4 6379 1 0
2018-10-04 05:30:23.879 /dev/video5 6379 1 0
2018-10-04 05:30:25.882 /dev/video5 6411 1 0
2018-10-04 05:30:25.884 /dev/video4 6411 1 0
2018-10-04 05:30:27.888 /dev/video4 6443 1 0
2018-10-04 05:30:27.889 /dev/video5 6443 1 0
2018-10-04 05:30:29.892 /dev/video4 6475 1 0
2018-10-04 05:30:29.893 /dev/video5 6475 1 0
2018-10-04 05:30:31.896 /dev/video4 6507 1 0
2018-10-04 05:30:31.897 /dev/video5 6507 1 0
2018-10-04 05:30:33.900 /dev/video5 6539 1 0
2018-10-04 05:30:33.902 /dev/video4 6539 1 0
2018-10-04 05:30:35.967 /dev/video5 6572 1 0
2018-10-04 05:30:35.969 /dev/video4 6572 1 0
2018-10-04 05:30:37.973 /dev/video4 6604 1 0
2018-10-04 05:30:37.974 /dev/video5 6604 1 0
2018-10-04 05:30:39.977 /dev/video4 6636 1 0
2018-10-04 05:30:39.978 /dev/video5 6636 1 0
2018-10-04 05:30:41.981 /dev/video5 6668 1 0
2018-10-04 05:30:41.983 /dev/video4 6668 1 0
2018-10-04 05:30:43.985 /dev/video5 6700 1 0
2018-10-04 05:30:43.987 /dev/video4 6700 1 0
2018-10-04 05:30:45.991 /dev/video4 6732 1 0
2018-10-04 05:30:45.992 /dev/video5 6732 1 0
2018-10-04 05:30:47.995 /dev/video4 6764 1 0
2018-10-04 05:30:47.996 /dev/video5 6764 1 0
2018-10-04 05:30:49.999 /dev/video5 6796 1 0
2018-10-04 05:30:50.001 /dev/video4 6796 1 0
2018-10-04 05:30:52.003 /dev/video5 6828 1 0
2018-10-04 05:30:52.005 /dev/video4 6828 1 0
