2020-06-06 14:24:33,slave,cpu,1,0,1915,100,1958,100,1958,0,1915,100,1913,0,1915,50.2
2020-06-06 14:25:05,slave,cpu,2,0,1918,100,1958,100,1956,0,1920,100,1924,0,1920,52
2020-06-06 14:25:37,slave,cpu,3,4,1919,100,1958,100,1958,3,1919,93,1919,14,1919,53.2
2020-06-06 14:26:10,slave,cpu,4,1,1922,100,1957,100,1957,2,1918,100,1919,1,1923,54.2
2020-06-06 14:26:42,slave,cpu,5,0,1920,100,1957,100,1957,0,1917,100,1918,0,1922,54.9
2020-06-06 14:27:14,slave,cpu,6,0,1915,100,1958,100,1958,0,1915,100,1916,0,1915,56.2
2020-06-06 14:27:47,slave,cpu,7,0,1919,100,1958,100,1958,0,1920,92,1918,0,1919,56.2
2020-06-06 14:28:19,slave,cpu,8,0,1920,100,1958,100,1957,0,1920,95,1919,0,1920,57
2020-06-06 14:28:51,slave,cpu,9,0,1914,100,1957,100,1958,0,1918,100,1917,0,1920,57.7
2020-06-06 14:29:23,slave,cpu,10,0,1914,100,1958,100,1957,100,1916,0,1914,0,1915,57.9
2020-06-06 14:29:55,slave,cpu,11,0,1920,100,1958,100,1958,0,1920,100,1919,0,1920,58.2
2020-06-06 14:30:28,slave,cpu,12,0,1918,100,1959,100,1958,0,1919,92,1923,0,1918,58.9
2020-06-06 14:31:00,slave,cpu,13,0,1918,100,1958,100,1958,0,1918,100,1916,0,1917,58.9
2020-06-06 14:31:32,slave,cpu,14,0,1923,100,1959,100,1958,0,1914,100,1918,0,1918,59.2
2020-06-06 14:32:04,slave,cpu,15,0,1923,100,1958,100,1958,0,1924,100,1917,0,1915,59.4
2020-06-06 14:32:37,slave,cpu,16,15,1884,100,1959,100,1958,6,1884,92,1883,2,1882,59.2
2020-06-06 14:33:09,slave,cpu,17,0,1918,100,1958,100,1957,2,1913,92,1921,0,1918,59.2
2020-06-06 14:33:41,slave,cpu,18,0,1918,100,1958,100,1959,0,1917,100,1921,0,1920,59.9
2020-06-06 14:34:14,slave,cpu,19,0,1884,100,1958,100,1958,0,1883,100,1884,0,1883,60.2
2020-06-06 14:34:46,slave,cpu,20,0,1914,100,1958,100,1959,0,1913,100,1913,0,1912,60.2
2020-06-06 14:35:18,slave,cpu,21,0,1906,100,1957,100,1958,1,1903,92,1905,1,1909,60.4
2020-06-06 14:35:50,slave,cpu,22,0,1918,100,1958,100,1959,0,1891,100,1890,0,1887,60.2
2020-06-06 14:36:23,slave,cpu,23,0,1918,100,1958,100,1958,0,1922,100,1921,0,1920,60.7
2020-06-06 14:36:55,slave,cpu,24,0,1883,100,1959,100,1959,0,1883,100,1883,0,1883,60.7
2020-06-06 14:37:27,slave,cpu,25,0,1909,100,1959,100,1957,0,1914,100,1918,0,1911,60.7
2020-06-06 14:38:00,slave,cpu,26,0,1913,100,1959,100,1959,0,1915,92,1909,0,1912,60.7
2020-06-06 14:38:32,slave,cpu,27,0,1923,100,1959,100,1958,0,1915,100,1915,0,1917,60.9
2020-06-06 14:39:04,slave,cpu,28,0,1914,100,1959,100,1957,100,1912,0,1916,0,1915,61.1
2020-06-06 14:39:37,slave,cpu,29,0,1914,100,1959,100,1957,0,1906,100,1912,0,1909,61.2
2020-06-06 14:40:09,slave,cpu,30,0,1915,100,1958,100,1958,100,1917,0,1915,1,1913,60.9
2020-06-06 14:40:41,slave,cpu,31,0,1914,100,1957,100,1957,100,1916,0,1915,0,1912,61.1
2020-06-06 14:41:13,slave,cpu,32,0,1913,100,1958,100,1957,92,1917,0,1916,1,1922,61.1
2020-06-06 14:41:45,slave,cpu,33,0,1918,100,1958,100,1959,100,1919,0,1916,0,1915,61.1
2020-06-06 14:42:18,slave,cpu,34,0,1914,100,1957,100,1958,100,1915,0,1912,0,1912,61.1
2020-06-06 14:42:50,slave,cpu,35,0,1911,100,1958,100,1958,100,1914,0,1909,0,1916,61.1
2020-06-06 14:43:22,slave,cpu,36,0,1905,100,1957,100,1957,92,1919,0,1913,0,1915,61.1
2020-06-06 14:43:55,slave,cpu,37,0,1911,100,1958,100,1957,100,1913,0,1911,0,1913,61.1
2020-06-06 14:44:27,slave,cpu,38,0,1915,100,1957,100,1958,100,1914,0,1916,0,1917,61.6
2020-06-06 14:44:59,slave,cpu,39,0,1920,100,1958,100,1957,100,1918,0,1921,0,1921,61.6
2020-06-06 14:45:31,slave,cpu,40,0,1909,100,1958,100,1958,100,1911,0,1909,0,1912,61.6
2020-06-06 14:46:03,slave,cpu,41,71,1914,100,1958,100,1957,92,1912,0,1915,0,1913,61.6
2020-06-06 14:46:36,slave,cpu,42,0,1915,100,1958,100,1957,100,1915,0,1914,0,1914,61.9
2020-06-06 14:47:08,slave,cpu,43,0,1913,100,1959,100,1958,0,1917,100,1913,0,1913,62.2
2020-06-06 14:47:40,slave,cpu,44,0,1917,100,1958,100,1957,0,1917,100,1914,0,1917,61.9
2020-06-06 14:48:12,slave,cpu,45,1,1922,100,1958,100,1957,0,1913,92,1909,0,1908,61.9
2020-06-06 14:48:45,slave,cpu,46,0,1909,100,1959,100,1959,0,1911,100,1907,0,1909,62.2
2020-06-06 14:49:17,slave,cpu,47,0,1912,100,1957,100,1958,0,1912,100,1911,0,1914,61.9
2020-06-06 14:49:49,slave,cpu,48,0,1919,100,1957,100,1957,0,1909,100,1915,0,1914,62.2
2020-06-06 14:50:22,slave,cpu,49,0,1921,100,1957,100,1957,0,1916,100,1918,0,1913,62.1
2020-06-06 14:50:54,slave,cpu,50,0,1919,100,1957,100,1957,0,1915,92,1913,0,1919,61.8
2020-06-06 14:51:26,slave,cpu,51,1,1904,100,1958,100,1958,0,1909,100,1912,0,1910,62.4
2020-06-06 14:51:58,slave,cpu,52,0,1920,100,1958,100,1958,0,1918,100,1910,0,1921,62.4
2020-06-06 14:52:31,slave,cpu,53,0,1919,100,1957,100,1957,100,1920,0,1912,0,1916,62.1
2020-06-06 14:53:03,slave,cpu,54,1,1910,100,1957,100,1958,92,1908,2,1912,0,1906,62.1
2020-06-06 14:53:35,slave,cpu,55,0,1918,100,1958,100,1958,99,1918,0,1918,0,1921,62.3
2020-06-06 14:54:08,slave,cpu,56,0,1917,100,1959,100,1958,100,1913,0,1906,0,1915,62.6
2020-06-06 14:54:40,slave,cpu,57,0,1912,100,1957,100,1958,100,1912,0,1912,0,1911,62.1
2020-06-06 14:55:12,slave,cpu,58,100,1920,100,1958,100,1957,0,1921,0,1924,0,1920,62.6
2020-06-06 14:55:45,slave,cpu,59,0,1917,100,1958,100,1958,100,1915,0,1916,0,1915,62.1
2020-06-06 14:56:17,slave,cpu,60,0,1913,97,1958,100,1958,27,1916,0,1918,67,1918,62.6
2020-06-06 14:56:49,slave,cpu,61,100,1870,100,1929,100,1931,0,1869,0,1869,0,1870,62.6
2020-06-06 14:57:21,slave,cpu,62,100,1914,100,1958,100,1957,0,1925,0,1916,0,1919,62.6
2020-06-06 14:57:53,slave,cpu,63,100,1915,100,1958,100,1958,1,1923,0,1922,0,1918,62.6
2020-06-06 14:58:26,slave,cpu,64,100,1920,100,1958,100,1958,0,1921,0,1919,0,1920,62.6
2020-06-06 14:58:58,slave,cpu,65,0,1915,100,1957,100,1958,100,1911,0,1912,0,1911,62.6
2020-06-06 14:59:30,slave,cpu,66,0,1909,100,1959,100,1957,92,1914,0,1912,1,1918,62.6
2020-06-06 15:00:03,slave,cpu,67,0,1914,100,1958,100,1957,100,1914,0,1914,0,1913,62.8
2020-06-06 15:00:35,slave,cpu,68,0,1906,100,1957,100,1957,100,1913,0,1915,0,1912,62.8
2020-06-06 15:01:07,slave,cpu,69,0,1913,100,1958,100,1957,100,1917,0,1909,0,1914,62.8
2020-06-06 15:01:39,slave,cpu,70,0,1920,100,1958,100,1958,94,1920,0,1919,0,1919,62.7
2020-06-06 15:02:11,slave,cpu,71,1,1906,100,1959,100,1958,100,1907,0,1907,0,1910,62.9
2020-06-06 15:02:44,slave,cpu,72,0,1913,100,1958,100,1957,100,1910,0,1910,0,1908,63.1
2020-06-06 15:03:16,slave,cpu,73,0,1910,100,1958,100,1957,100,1910,0,1908,0,1911,62.8
2020-06-06 15:03:48,slave,cpu,74,0,1919,100,1958,100,1958,100,1920,0,1912,0,1903,62.8
2020-06-06 15:04:20,slave,cpu,75,0,1905,100,1958,100,1957,93,1912,1,1909,0,1917,62.8
2020-06-06 15:04:52,slave,cpu,76,0,1912,100,1958,100,1958,100,1913,0,1914,0,1911,63.1
2020-06-06 15:05:25,slave,cpu,77,0,1918,100,1958,100,1957,100,1915,0,1912,0,1919,63.1
2020-06-06 15:05:57,slave,cpu,78,0,1921,100,1958,100,1958,100,1910,0,1914,0,1917,63.1
2020-06-06 15:06:29,slave,cpu,79,0,1919,100,1958,100,1957,92,1914,0,1918,0,1913,63.1
2020-06-06 15:07:02,slave,cpu,80,0,1915,100,1957,100,1958,100,1910,0,1915,0,1911,63.1
2020-06-06 15:07:34,slave,cpu,81,0,1917,100,1959,100,1958,100,1918,0,1915,0,1920,63.1
2020-06-06 15:08:06,slave,cpu,82,0,1912,100,1959,100,1959,100,1918,0,1916,0,1919,63.1
2020-06-06 15:08:38,slave,cpu,83,0,1912,100,1958,100,1957,100,1909,0,1912,0,1912,63.1
2020-06-06 15:09:11,slave,cpu,84,0,1912,100,1958,100,1958,92,1913,0,1915,0,1918,63.4
2020-06-06 15:09:43,slave,cpu,85,0,1881,100,1957,100,1955,100,1883,0,1881,0,1881,63.4
2020-06-06 15:10:15,slave,cpu,86,100,1910,100,1958,100,1957,0,1915,0,1917,0,1917,63.4
2020-06-06 15:10:48,slave,cpu,87,0,1919,100,1957,100,1958,0,1925,0,1923,100,1921,63.1
2020-06-06 15:11:20,slave,cpu,88,0,1918,100,1958,100,1957,0,1920,0,1920,100,1920,63.4
2020-06-06 15:11:52,slave,cpu,89,0,1911,100,1957,100,1957,0,1912,0,1913,92,1914,63.4
2020-06-06 15:12:24,slave,cpu,90,0,1913,100,1958,100,1959,0,1912,0,1912,100,1912,63.6
2020-06-06 15:12:56,slave,cpu,91,0,1919,100,1959,100,1956,0,1908,0,1915,100,1925,63.4
2020-06-06 15:13:29,slave,cpu,92,0,1912,100,1959,100,1958,0,1917,0,1912,100,1915,63.6
2020-06-06 15:14:01,slave,cpu,93,1,1913,100,1958,100,1957,1,1915,92,1916,2,1912,63.2
2020-06-06 15:14:33,slave,cpu,94,0,1912,100,1958,100,1958,0,1918,100,1910,0,1913,63.7
2020-06-06 15:15:05,slave,cpu,95,100,1919,100,1958,100,1958,0,1913,0,1914,0,1917,63.6
2020-06-06 15:15:37,slave,cpu,96,0,1915,100,1959,100,1958,100,1916,0,1915,0,1915,63.6
2020-06-06 15:16:09,slave,cpu,97,0,1919,100,1957,100,1958,0,1920,92,1920,0,1919,63.7
2020-06-06 15:16:41,slave,cpu,98,0,1918,100,1958,100,1958,0,1919,100,1918,0,1918,63.7
2020-06-06 15:17:14,slave,cpu,99,0,1915,100,1958,100,1958,0,1914,100,1917,0,1916,63.9
2020-06-06 15:17:46,slave,cpu,100,0,1917,100,1957,100,1957,1,1916,100,1918,0,1913,63.9
2020-06-06 15:18:18,slave,cpu,101,0,1912,100,1958,100,1957,0,1918,92,1909,0,1918,63.3
2020-06-06 15:18:50,slave,cpu,102,0,1883,100,1959,100,1958,0,1883,100,1883,0,1884,63.9
2020-06-06 15:19:22,slave,cpu,103,0,1918,100,1958,100,1957,0,1912,100,1915,0,1921,63.9
2020-06-06 15:19:55,slave,cpu,104,0,1923,100,1958,100,1957,0,1914,100,1918,0,1914,63.9
2020-06-06 15:20:27,slave,cpu,105,0,1909,100,1958,100,1957,98,1916,0,1911,0,1920,63.9
2020-06-06 15:20:59,slave,cpu,106,3,1915,100,1958,100,1959,92,1919,12,1914,3,1917,63.6
2020-06-06 15:21:32,slave,cpu,107,0,1917,100,1959,100,1957,100,1910,1,1916,1,1918,63.6
2020-06-06 15:22:04,slave,cpu,108,0,1914,100,1958,100,1957,100,1918,78,1916,0,1916,63.9
2020-06-06 15:22:36,slave,cpu,109,0,1919,100,1958,100,1958,100,1918,0,1919,0,1919,63.6
2020-06-06 15:23:08,slave,cpu,110,0,1913,100,1958,100,1958,0,1912,92,1911,1,1913,63.9
2020-06-06 15:23:41,slave,cpu,111,0,1911,100,1958,100,1958,0,1916,100,1915,0,1912,63.9
2020-06-06 15:24:13,slave,cpu,112,0,1912,100,1959,100,1957,0,1918,100,1919,0,1915,63.9
2020-06-06 15:24:45,slave,cpu,113,0,1913,100,1959,100,1958,0,1913,100,1912,0,1912,64.1
2020-06-06 15:25:18,slave,cpu,114,0,1917,100,1959,100,1958,0,1918,96,1915,0,1912,63.9
2020-06-06 15:25:50,slave,cpu,115,1,1916,100,1957,100,1958,0,1917,92,1919,0,1912,63.7
2020-06-06 15:26:23,slave,cpu,116,0,1916,100,1958,100,1958,0,1914,100,1913,0,1914,64.4
2020-06-06 15:26:55,slave,cpu,117,1,1915,100,1958,100,1958,0,1915,100,1909,0,1915,64.1
2020-06-06 15:27:27,slave,cpu,118,0,1916,100,1958,100,1958,0,1918,100,1915,0,1918,63.9
2020-06-06 15:27:59,slave,cpu,119,15,1914,100,1958,100,1957,2,1922,92,1920,3,1920,64.1
2020-06-06 15:28:32,slave,cpu,120,1,1918,100,1958,100,1958,1,1915,100,1915,0,1908,64.4
2020-06-06 15:29:04,slave,cpu,121,1,1916,100,1958,100,1959,0,1915,100,1912,90,1917,63.9
2020-06-06 15:29:36,slave,cpu,122,0,1917,100,1957,100,1957,0,1915,100,1918,0,1921,64.2
2020-06-06 15:30:09,slave,cpu,123,1,1920,100,1957,100,1958,0,1921,100,1914,0,1912,64.1
2020-06-06 15:30:41,slave,cpu,124,0,1916,100,1958,100,1959,0,1913,92,1914,0,1919,64.4
2020-06-06 15:31:13,slave,cpu,125,1,1918,100,1958,100,1957,0,1914,100,1914,0,1913,64.1
2020-06-06 15:31:45,slave,cpu,126,0,1914,100,1958,100,1957,0,1916,100,1912,0,1919,64.4
2020-06-06 15:32:17,slave,cpu,127,0,1919,100,1958,100,1958,0,1921,100,1918,0,1918,64.4
2020-06-06 15:32:50,slave,cpu,128,1,1919,100,1958,100,1958,0,1919,92,1919,0,1920,63.9
2020-06-06 15:33:22,slave,cpu,129,0,1910,100,1959,100,1959,0,1914,100,1911,0,1915,64.4
2020-06-06 15:33:54,slave,cpu,130,0,1913,100,1958,100,1958,0,1908,100,1912,0,1915,64.1
2020-06-06 15:34:26,slave,cpu,131,0,1917,100,1958,100,1958,0,1917,100,1915,0,1913,64.4
2020-06-06 15:34:59,slave,cpu,132,2,1922,100,1958,100,1957,2,1918,91,1920,3,1919,64.1
2020-06-06 15:35:31,slave,cpu,133,1,1913,100,1958,100,1958,0,1913,100,1911,1,1913,64.4
2020-06-06 15:36:03,slave,cpu,134,0,1910,100,1958,100,1958,1,1912,100,1912,9,1909,64.4
2020-06-06 15:36:35,slave,cpu,135,0,1884,100,1958,100,1959,0,1883,100,1883,0,1881,64.4
2020-06-06 15:37:08,slave,cpu,136,0,1918,100,1959,100,1957,0,1918,100,1919,0,1922,63.9
2020-06-06 15:37:40,slave,cpu,137,0,1915,100,1958,100,1957,0,1916,92,1916,0,1912,63.9
2020-06-06 15:38:12,slave,cpu,138,0,1915,100,1958,100,1957,0,1910,100,1912,0,1915,64.4
2020-06-06 15:38:45,slave,cpu,139,0,1911,100,1958,100,1959,0,1917,0,1917,100,1917,64.1
2020-06-06 15:39:17,slave,cpu,140,0,1910,100,1958,100,1958,0,1916,0,1908,100,1908,64.1
2020-06-06 15:39:49,slave,cpu,141,0,1881,100,1957,100,1957,0,1883,0,1881,100,1882,64.1
2020-06-06 15:40:21,slave,cpu,142,0,1908,100,1957,100,1958,0,1910,0,1916,92,1912,63.7
2020-06-06 15:40:54,slave,cpu,143,0,1911,100,1957,100,1959,0,1908,0,1909,100,1921,64.1
2020-06-06 15:41:26,slave,cpu,144,0,1912,100,1958,100,1958,0,1914,0,1912,100,1912,64.1
2020-06-06 15:41:58,slave,cpu,145,2,1914,100,1958,100,1958,0,1916,0,1912,100,1915,64.1
2020-06-06 15:42:30,slave,cpu,146,0,1923,100,1958,100,1956,0,1911,1,1909,92,1913,64.1
2020-06-06 15:43:03,slave,cpu,147,1,1911,100,1959,100,1957,1,1918,37,1912,100,1913,64.4
2020-06-06 15:43:35,slave,cpu,148,0,1918,100,1958,100,1958,100,1916,0,1913,0,1913,64.1
2020-06-06 15:44:07,slave,cpu,149,0,1914,100,1958,100,1958,100,1916,0,1916,0,1912,64.3
2020-06-06 15:44:39,slave,cpu,150,1,1920,100,1959,100,1957,92,1919,0,1921,0,1920,64.1
2020-06-06 15:45:12,slave,cpu,151,0,1913,100,1958,100,1957,100,1913,0,1916,0,1915,64.1
2020-06-06 15:45:44,slave,cpu,152,0,1869,100,1931,100,1933,100,1867,0,1868,0,1868,64.1
2020-06-06 15:46:17,slave,cpu,153,0,1919,100,1958,100,1959,100,1920,0,1920,0,1919,64.3
2020-06-06 15:46:49,slave,cpu,154,0,1917,100,1958,100,1958,100,1914,0,1918,0,1910,64.4
2020-06-06 15:47:21,slave,cpu,155,0,1918,100,1958,100,1957,92,1918,0,1918,0,1916,64.1
2020-06-06 15:47:53,slave,cpu,156,0,1916,100,1958,100,1959,100,1918,0,1916,0,1918,64.3
2020-06-06 15:48:26,slave,cpu,157,0,1912,100,1959,100,1958,100,1910,0,1911,0,1914,64.1
2020-06-06 15:48:58,slave,cpu,158,4,1920,100,1958,100,1958,100,1921,2,1919,15,1917,64.6
2020-06-06 15:49:31,slave,cpu,159,1,1921,100,1958,100,1958,100,1917,1,1918,1,1918,64.1
2020-06-06 15:50:03,slave,cpu,160,1,1913,100,1958,100,1958,92,1915,89,1914,1,1916,64.4
2020-06-06 15:50:35,slave,cpu,161,0,1920,100,1958,100,1957,100,1918,0,1922,0,1923,64.1
2020-06-06 15:51:08,slave,cpu,162,0,1911,100,1957,100,1958,100,1915,0,1906,0,1914,64.6
2020-06-06 15:51:40,slave,cpu,163,0,1915,100,1958,100,1958,100,1915,0,1914,0,1915,64.1
2020-06-06 15:52:12,slave,cpu,164,100,1919,100,1957,100,1957,0,1921,0,1925,0,1924,64.1
2020-06-06 15:52:45,slave,cpu,165,95,1915,100,1958,97,1958,0,1914,0,1915,0,1915,64.1
2020-06-06 15:53:17,slave,cpu,166,0,1909,100,1958,100,1958,100,1908,1,1921,0,1935,64.1
2020-06-06 15:53:49,slave,cpu,167,0,1918,100,1958,100,1959,100,1918,0,1918,0,1919,64.1
2020-06-06 15:54:21,slave,cpu,168,0,1912,100,1957,100,1958,100,1913,0,1916,0,1910,64.4
2020-06-06 15:54:53,slave,cpu,169,0,1910,100,1957,100,1956,98,1915,0,1912,0,1920,64.1
2020-06-06 15:55:26,slave,cpu,170,0,1919,100,1958,100,1959,92,1921,1,1920,0,1919,64.4
2020-06-06 15:55:58,slave,cpu,171,16,1914,100,1958,100,1958,100,1912,4,1912,3,1917,64.1
2020-06-06 15:56:30,slave,cpu,172,1,1920,100,1958,100,1958,100,1919,1,1920,1,1919,64.4
2020-06-06 15:57:02,slave,cpu,173,2,1914,100,1958,100,1958,100,1920,0,1916,0,1913,64.1
2020-06-06 15:57:35,slave,cpu,174,0,1918,100,1958,100,1960,91,1915,1,1915,0,1912,64.1
2020-06-06 15:58:07,slave,cpu,175,0,1913,100,1957,100,1957,100,1914,0,1911,0,1909,64.1
2020-06-06 15:58:39,slave,cpu,176,0,1913,100,1957,100,1959,100,1909,0,1918,0,1919,64.6
2020-06-06 15:59:11,slave,cpu,177,0,1918,100,1958,100,1958,100,1920,0,1920,0,1920,64.1
2020-06-06 15:59:44,slave,cpu,178,0,1908,100,1958,100,1958,92,1911,0,1908,0,1907,64.1
2020-06-06 16:00:16,slave,cpu,179,0,1916,100,1957,100,1956,100,1920,0,1917,0,1921,64.3
2020-06-06 16:00:48,slave,cpu,180,0,1910,100,1959,100,1957,100,1910,0,1916,0,1912,64.3
2020-06-06 16:01:20,slave,cpu,181,100,1917,100,1958,100,1957,1,1916,0,1919,0,1913,64.6
2020-06-06 16:01:53,slave,cpu,182,1,1910,100,1958,100,1958,92,1915,1,1918,0,1911,64.4
2020-06-06 16:02:25,slave,cpu,183,0,1919,100,1959,100,1958,100,1919,0,1920,0,1919,64.4
2020-06-06 16:02:57,slave,cpu,184,2,1920,100,1958,100,1957,100,1919,16,1919,4,1919,64.1
2020-06-06 16:03:29,slave,cpu,185,0,1910,100,1959,100,1958,100,1909,0,1908,1,1912,64.1
2020-06-06 16:04:02,slave,cpu,186,0,1919,100,1958,100,1956,100,1919,0,1920,0,1919,64.1
2020-06-06 16:04:34,slave,cpu,187,0,1918,100,1958,100,1958,92,1915,0,1919,0,1917,64.4
2020-06-06 16:05:06,slave,cpu,188,0,1870,100,1932,100,1930,100,1868,0,1867,0,1870,64.6
2020-06-06 16:05:38,slave,cpu,189,0,1912,100,1958,100,1958,100,1910,0,1916,0,1910,64.6
2020-06-06 16:06:10,slave,cpu,190,0,1920,100,1958,100,1958,100,1920,0,1918,0,1919,64.6
2020-06-06 16:06:43,slave,cpu,191,0,1920,100,1957,100,1957,92,1921,0,1920,0,1918,64.2
2020-06-06 16:07:15,slave,cpu,192,0,1920,100,1958,100,1957,100,1915,0,1916,0,1914,64.6
2020-06-06 16:07:47,slave,cpu,193,0,1915,100,1958,100,1958,100,1909,0,1916,0,1913,64.1
2020-06-06 16:08:19,slave,cpu,194,0,1914,100,1958,100,1958,100,1910,0,1915,0,1914,64.6
2020-06-06 16:08:51,slave,cpu,195,0,1921,100,1957,100,1959,92,1925,0,1919,0,1912,64.3
2020-06-06 16:09:24,slave,cpu,196,0,1922,100,1958,100,1958,92,1928,0,1917,0,1917,64.6
2020-06-06 16:09:56,slave,cpu,197,0,1918,100,1958,100,1957,100,1910,2,1912,6,1920,64.6
2020-06-06 16:10:29,slave,cpu,198,0,1921,100,1959,100,1958,100,1914,0,1916,0,1912,64.6
2020-06-06 16:11:01,slave,cpu,199,0,1914,100,1958,100,1957,100,1911,0,1909,0,1912,64.6
2020-06-06 16:11:33,slave,cpu,200,0,1919,100,1959,100,1957,93,1920,0,1918,0,1920,64.6
2020-06-06 16:12:05,slave,cpu,201,0,1918,100,1959,100,1958,100,1919,0,1917,0,1916,64.6
2020-06-06 16:12:37,slave,cpu,202,0,1917,100,1958,100,1958,100,1917,0,1917,0,1914,64.6
2020-06-06 16:13:10,slave,cpu,203,0,1916,100,1958,100,1958,100,1912,0,1911,0,1903,64.3
2020-06-06 16:13:42,slave,cpu,204,0,1913,100,1958,100,1957,0,1915,100,1920,0,1913,64.9
2020-06-06 16:14:14,slave,cpu,205,0,1919,100,1957,100,1958,0,1914,93,1915,1,1912,64.9
2020-06-06 16:14:46,slave,cpu,206,0,1920,100,1958,100,1958,0,1921,100,1916,0,1913,65.1
2020-06-06 16:15:19,slave,cpu,207,0,1920,100,1958,100,1957,0,1918,100,1913,0,1917,65.2
2020-06-06 16:15:51,slave,cpu,208,100,1914,100,1958,100,1958,0,1920,0,1924,0,1915,64.6
2020-06-06 16:16:23,slave,cpu,209,0,1914,100,1959,100,1957,100,1927,0,1914,0,1923,64.6
2020-06-06 16:16:56,slave,cpu,210,0,1920,100,1957,100,1958,92,1919,0,1919,0,1920,64.6
2020-06-06 16:17:28,slave,cpu,211,0,1920,100,1958,100,1959,100,1920,0,1920,0,1911,64.6
2020-06-06 16:18:00,slave,cpu,212,0,1921,100,1959,100,1957,0,1923,100,1916,0,1922,64.9
2020-06-06 16:18:33,slave,cpu,213,0,1919,100,1958,100,1958,0,1919,100,1919,0,1920,64.9
2020-06-06 16:19:05,slave,cpu,214,0,1915,100,1958,100,1957,0,1918,92,1921,0,1913,64.9
2020-06-06 16:19:37,slave,cpu,215,0,1918,100,1957,100,1957,0,1916,100,1912,0,1917,64.9
2020-06-06 16:20:10,slave,cpu,216,0,1912,100,1959,100,1958,0,1917,100,1919,0,1915,64.7
2020-06-06 16:20:42,slave,cpu,217,0,1919,100,1958,100,1958,0,1920,100,1919,0,1919,65.2
2020-06-06 16:21:14,slave,cpu,218,0,1915,100,1959,100,1956,0,1913,100,1916,0,1915,65
2020-06-06 16:21:47,slave,cpu,219,1,1920,100,1957,100,1958,0,1919,97,1920,0,1919,65.2
2020-06-06 16:22:19,slave,cpu,220,0,1919,100,1958,100,1958,0,1919,100,1918,0,1915,64.9
2020-06-06 16:22:51,slave,cpu,221,0,1910,100,1957,100,1957,0,1915,100,1915,0,1918,64.9
2020-06-06 16:23:23,slave,cpu,222,0,1869,100,1938,100,1932,0,1871,93,1869,0,1865,64.4
2020-06-06 16:23:55,slave,cpu,223,0,1916,100,1958,100,1958,0,1920,100,1921,0,1915,64.9
2020-06-06 16:24:27,slave,cpu,224,0,1919,100,1958,100,1958,0,1914,100,1915,0,1918,64.9
2020-06-06 16:24:59,slave,cpu,225,0,1915,100,1959,100,1958,0,1920,100,1920,0,1920,64.9
2020-06-06 16:25:32,slave,cpu,226,0,1915,100,1958,100,1958,1,1914,92,1918,0,1909,64.9
2020-06-06 16:26:04,slave,cpu,227,38,1912,100,1958,100,1956,0,1916,100,1917,0,1911,65.2
2020-06-06 16:26:36,slave,cpu,228,0,1921,100,1959,100,1958,0,1920,100,1920,0,1921,64.9
2020-06-06 16:27:08,slave,cpu,229,0,1914,100,1958,100,1958,0,1917,100,1911,0,1914,64.9
2020-06-06 16:27:40,slave,cpu,230,0,1913,100,1958,100,1958,1,1912,92,1908,0,1912,64.9
2020-06-06 16:28:12,slave,cpu,231,0,1918,100,1957,100,1958,0,1914,100,1911,0,1912,64.9
2020-06-06 16:28:44,slave,cpu,232,0,1916,100,1958,100,1957,1,1911,100,1912,0,1914,64.9
2020-06-06 16:29:17,slave,cpu,233,0,1913,100,1958,100,1957,0,1923,100,1917,0,1916,64.9
2020-06-06 16:29:49,slave,cpu,234,0,1913,100,1959,100,1959,0,1919,96,1912,0,1918,65.2
2020-06-06 16:30:21,slave,cpu,235,0,1912,100,1957,100,1956,0,1912,100,1913,0,1919,64.9
2020-06-06 16:30:53,slave,cpu,236,0,1908,100,1958,100,1959,0,1917,100,1919,0,1916,64.9
