2018-10-04 04:49:30.011 /dev/video5 27 1 0
2018-10-04 04:49:30.013 /dev/video4 28 1 0
2018-10-04 04:49:32.017 /dev/video4 60 1 0
2018-10-04 04:49:32.019 /dev/video5 59 1 0
2018-10-04 04:49:34.021 /dev/video4 92 1 0
2018-10-04 04:49:34.023 /dev/video5 91 1 0
2018-10-04 04:49:36.025 /dev/video5 123 1 0
2018-10-04 04:49:36.027 /dev/video4 124 1 0
2018-10-04 04:49:38.029 /dev/video5 155 1 0
2018-10-04 04:49:38.031 /dev/video4 156 1 0
2018-10-04 04:49:40.035 /dev/video4 188 1 0
2018-10-04 04:49:40.037 /dev/video5 187 1 0
2018-10-04 04:49:42.039 /dev/video4 220 1 0
2018-10-04 04:49:42.041 /dev/video5 219 1 0
2018-10-04 04:49:44.043 /dev/video5 251 1 0
2018-10-04 04:49:44.045 /dev/video4 252 1 0
2018-10-04 04:49:46.110 /dev/video5 284 1 0
2018-10-04 04:49:46.112 /dev/video4 285 1 0
2018-10-04 04:49:48.114 /dev/video5 316 1 0
2018-10-04 04:49:48.116 /dev/video4 317 1 0
2018-10-04 04:49:50.120 /dev/video4 349 1 0
2018-10-04 04:49:50.122 /dev/video5 348 1 0
2018-10-04 04:49:52.124 /dev/video4 381 1 0
2018-10-04 04:49:52.126 /dev/video5 380 1 0
2018-10-04 04:49:54.128 /dev/video5 412 1 0
2018-10-04 04:49:54.130 /dev/video4 413 1 0
2018-10-04 04:49:56.133 /dev/video5 444 1 0
2018-10-04 04:49:56.134 /dev/video4 445 1 0
2018-10-04 04:49:58.140 /dev/video4 477 1 0
2018-10-04 04:49:58.140 /dev/video5 476 1 0
2018-10-04 04:50:00.144 /dev/video4 509 1 0
2018-10-04 04:50:00.144 /dev/video5 508 1 0
2018-10-04 04:50:02.147 /dev/video5 540 1 0
2018-10-04 04:50:02.149 /dev/video4 541 1 0
2018-10-04 04:50:04.151 /dev/video5 572 1 0
2018-10-04 04:50:04.153 /dev/video4 573 1 0
2018-10-04 04:50:06.175 /dev/video4 605 1 0
2018-10-04 04:50:06.177 /dev/video5 604 1 0
2018-10-04 04:50:08.977 /dev/video5 634 1 0
2018-10-04 04:50:08.979 /dev/video4 635 1 0
2018-10-04 04:50:10.982 /dev/video4 667 1 0
2018-10-04 04:50:10.984 /dev/video5 666 1 0
2018-10-04 04:50:12.986 /dev/video4 699 1 0
2018-10-04 04:50:12.988 /dev/video5 698 1 0
2018-10-04 04:50:14.990 /dev/video5 730 1 0
2018-10-04 04:50:14.992 /dev/video4 731 1 0
2018-10-04 04:50:16.994 /dev/video5 762 1 0
2018-10-04 04:50:16.996 /dev/video4 763 1 0
2018-10-04 04:50:19.000 /dev/video4 795 1 0
2018-10-04 04:50:19.002 /dev/video5 794 1 0
2018-10-04 04:50:21.067 /dev/video4 828 1 0
2018-10-04 04:50:21.069 /dev/video5 827 1 0
2018-10-04 04:50:23.071 /dev/video4 860 1 0
2018-10-04 04:50:23.073 /dev/video5 859 1 0
2018-10-04 04:50:25.075 /dev/video5 891 1 0
2018-10-04 04:50:25.077 /dev/video4 892 1 0
2018-10-04 04:50:27.079 /dev/video5 923 1 0
2018-10-04 04:50:27.081 /dev/video4 924 1 0
2018-10-04 04:50:29.086 /dev/video4 956 1 0
2018-10-04 04:50:29.087 /dev/video5 955 1 0
2018-10-04 04:50:31.091 /dev/video4 988 1 0
2018-10-04 04:50:31.091 /dev/video5 987 1 0
2018-10-04 04:50:33.093 /dev/video5 1019 1 0
2018-10-04 04:50:33.095 /dev/video4 1020 1 0
2018-10-04 04:50:35.097 /dev/video5 1051 1 0
2018-10-04 04:50:35.099 /dev/video4 1052 1 0
2018-10-04 04:50:37.103 /dev/video4 1084 1 0
2018-10-04 04:50:37.105 /dev/video5 1083 1 0
2018-10-04 04:50:39.107 /dev/video4 1116 1 0
2018-10-04 04:50:39.109 /dev/video5 1115 1 0
2018-10-04 04:50:41.111 /dev/video5 1147 1 0
2018-10-04 04:50:41.113 /dev/video4 1148 1 0
2018-10-04 04:50:43.115 /dev/video5 1179 1 0
2018-10-04 04:50:43.117 /dev/video4 1180 1 0
2018-10-04 04:50:45.122 /dev/video4 1212 1 0
2018-10-04 04:50:45.123 /dev/video5 1211 1 0
2018-10-04 04:50:47.126 /dev/video4 1244 1 0
2018-10-04 04:50:47.127 /dev/video5 1243 1 0
2018-10-04 04:50:49.193 /dev/video4 1277 1 0
2018-10-04 04:50:49.194 /dev/video5 1276 1 0
2018-10-04 04:50:51.197 /dev/video5 1308 1 0
2018-10-04 04:50:51.199 /dev/video4 1309 1 0
2018-10-04 04:50:53.201 /dev/video5 1340 1 0
2018-10-04 04:50:53.203 /dev/video4 1341 1 0
2018-10-04 04:50:55.208 /dev/video4 1373 1 0
2018-10-04 04:50:55.208 /dev/video5 1372 1 0
2018-10-04 04:50:57.212 /dev/video4 1405 1 0
2018-10-04 04:50:57.212 /dev/video5 1404 1 0
2018-10-04 04:50:59.215 /dev/video5 1436 1 0
2018-10-04 04:50:59.217 /dev/video4 1437 1 0
2018-10-04 04:51:01.219 /dev/video5 1468 1 0
2018-10-04 04:51:01.221 /dev/video4 1469 1 0
2018-10-04 04:51:03.162 /dev/video4 1500 1 0
2018-10-04 04:51:03.163 /dev/video5 1499 1 0
2018-10-04 04:51:05.229 /dev/video4 1533 1 0
2018-10-04 04:51:05.230 /dev/video5 1532 1 0
2018-10-04 04:51:07.233 /dev/video5 1564 1 0
2018-10-04 04:51:07.235 /dev/video4 1565 1 0
2018-10-04 04:51:09.237 /dev/video5 1596 1 0
2018-10-04 04:51:09.239 /dev/video4 1597 1 0
2018-10-04 04:51:11.244 /dev/video4 1629 1 0
2018-10-04 04:51:11.244 /dev/video5 1628 1 0
2018-10-04 04:51:13.248 /dev/video4 1661 1 0
2018-10-04 04:51:13.248 /dev/video5 1660 1 0
2018-10-04 04:51:15.251 /dev/video5 1692 1 0
2018-10-04 04:51:15.253 /dev/video4 1693 1 0
2018-10-04 04:51:17.318 /dev/video5 1725 1 0
2018-10-04 04:51:17.320 /dev/video4 1726 1 0
2018-10-04 04:51:19.324 /dev/video4 1758 1 0
2018-10-04 04:51:19.325 /dev/video5 1757 1 0
2018-10-04 04:51:21.328 /dev/video4 1790 1 0
2018-10-04 04:51:21.329 /dev/video5 1789 1 0
2018-10-04 04:51:23.332 /dev/video4 1822 1 0
2018-10-04 04:51:23.333 /dev/video5 1821 1 0
2018-10-04 04:51:25.336 /dev/video5 1853 1 0
2018-10-04 04:51:25.338 /dev/video4 1854 1 0
2018-10-04 04:51:27.342 /dev/video4 1886 1 0
2018-10-04 04:51:27.343 /dev/video5 1885 1 0
2018-10-04 04:51:29.346 /dev/video4 1918 1 0
2018-10-04 04:51:29.347 /dev/video5 1917 1 0
2018-10-04 04:51:31.350 /dev/video4 1950 1 0
2018-10-04 04:51:31.351 /dev/video5 1949 1 0
2018-10-04 04:51:33.354 /dev/video5 1981 1 0
2018-10-04 04:51:33.356 /dev/video4 1982 1 0
2018-10-04 04:51:35.360 /dev/video4 2014 1 0
2018-10-04 04:51:35.361 /dev/video5 2013 1 0
2018-10-04 04:51:37.364 /dev/video4 2046 1 0
2018-10-04 04:51:37.365 /dev/video5 2045 1 0
2018-10-04 04:51:39.368 /dev/video4 2078 1 0
2018-10-04 04:51:39.369 /dev/video5 2077 1 0
2018-10-04 04:51:41.372 /dev/video5 2109 1 0
2018-10-04 04:51:41.374 /dev/video4 2110 1 0
2018-10-04 04:51:43.378 /dev/video4 2142 1 0
2018-10-04 04:51:43.379 /dev/video5 2141 1 0
2018-10-04 04:51:45.383 /dev/video4 2174 1 0
2018-10-04 04:51:45.383 /dev/video5 2173 1 0
2018-10-04 04:51:47.449 /dev/video4 2207 1 0
2018-10-04 04:51:47.451 /dev/video5 2206 1 0
2018-10-04 04:51:49.453 /dev/video4 2239 1 0
2018-10-04 04:51:49.455 /dev/video5 2238 1 0
2018-10-04 04:51:51.457 /dev/video5 2270 1 0
2018-10-04 04:51:51.459 /dev/video4 2271 1 0
2018-10-04 04:51:53.463 /dev/video4 2303 1 0
2018-10-04 04:51:53.465 /dev/video5 2302 1 0
2018-10-04 04:51:55.467 /dev/video4 2335 1 0
2018-10-04 04:51:55.469 /dev/video5 2334 1 0
2018-10-04 04:51:57.471 /dev/video4 2367 1 0
2018-10-04 04:51:57.473 /dev/video5 2366 1 0
2018-10-04 04:51:59.475 /dev/video5 2398 1 0
2018-10-04 04:51:59.477 /dev/video4 2399 1 0
2018-10-04 04:52:01.481 /dev/video4 2431 1 0
2018-10-04 04:52:01.483 /dev/video5 2430 1 0
2018-10-04 04:52:03.485 /dev/video4 2463 1 0
2018-10-04 04:52:03.487 /dev/video5 2462 1 0
2018-10-04 04:52:05.489 /dev/video4 2495 1 0
2018-10-04 04:52:05.491 /dev/video5 2494 1 0
2018-10-04 04:52:07.493 /dev/video5 2526 1 0
2018-10-04 04:52:07.495 /dev/video4 2527 1 0
2018-10-04 04:52:09.499 /dev/video4 2559 1 0
2018-10-04 04:52:09.501 /dev/video5 2558 1 0
2018-10-04 04:52:11.503 /dev/video4 2591 1 0
2018-10-04 04:52:11.505 /dev/video5 2590 1 0
2018-10-04 04:52:13.507 /dev/video4 2623 1 0
2018-10-04 04:52:13.509 /dev/video5 2622 1 0
2018-10-04 04:52:15.574 /dev/video4 2656 1 0
2018-10-04 04:52:15.576 /dev/video5 2655 1 0
2018-10-04 04:52:17.578 /dev/video5 2687 1 0
2018-10-04 04:52:17.580 /dev/video4 2688 1 0
2018-10-04 04:52:19.584 /dev/video4 2720 1 0
2018-10-04 04:52:19.586 /dev/video5 2719 1 0
2018-10-04 04:52:21.588 /dev/video4 2752 1 0
2018-10-04 04:52:21.590 /dev/video5 2751 1 0
2018-10-04 04:52:23.592 /dev/video4 2784 1 0
2018-10-04 04:52:23.594 /dev/video5 2783 1 0
2018-10-04 04:52:25.597 /dev/video5 2815 1 0
2018-10-04 04:52:25.598 /dev/video4 2816 1 0
2018-10-04 04:52:27.603 /dev/video4 2848 1 0
2018-10-04 04:52:27.604 /dev/video5 2847 1 0
2018-10-04 04:52:29.607 /dev/video4 2880 1 0
2018-10-04 04:52:29.608 /dev/video5 2879 1 0
2018-10-04 04:52:31.611 /dev/video4 2912 1 0
2018-10-04 04:52:31.612 /dev/video5 2911 1 0
2018-10-04 04:52:33.615 /dev/video5 2943 1 0
2018-10-04 04:52:33.617 /dev/video4 2944 1 0
2018-10-04 04:52:35.622 /dev/video4 2976 1 0
2018-10-04 04:52:35.622 /dev/video5 2975 1 0
2018-10-04 04:52:37.626 /dev/video4 3008 1 0
2018-10-04 04:52:37.626 /dev/video5 3007 1 0
2018-10-04 04:52:39.630 /dev/video4 3040 1 0
2018-10-04 04:52:39.630 /dev/video5 3039 1 0
2018-10-04 04:52:41.696 /dev/video4 3073 1 0
2018-10-04 04:52:41.697 /dev/video5 3072 1 0
2018-10-04 04:52:43.700 /dev/video5 3104 1 0
2018-10-04 04:52:43.702 /dev/video4 3105 1 0
2018-10-04 04:52:45.706 /dev/video4 3137 1 0
2018-10-04 04:52:45.707 /dev/video5 3136 1 0
2018-10-04 04:52:47.710 /dev/video4 3169 1 0
2018-10-04 04:52:47.711 /dev/video5 3168 1 0
2018-10-04 04:52:49.714 /dev/video5 3200 1 0
2018-10-04 04:52:49.716 /dev/video4 3201 1 0
2018-10-04 04:52:51.718 /dev/video5 3232 1 0
2018-10-04 04:52:51.720 /dev/video4 3233 1 0
2018-10-04 04:52:53.724 /dev/video4 3265 1 0
2018-10-04 04:52:53.725 /dev/video5 3264 1 0
2018-10-04 04:52:55.728 /dev/video4 3297 1 0
2018-10-04 04:52:55.729 /dev/video5 3296 1 0
2018-10-04 04:52:57.732 /dev/video5 3328 1 0
2018-10-04 04:52:57.734 /dev/video4 3329 1 0
2018-10-04 04:52:59.736 /dev/video5 3360 1 0
2018-10-04 04:52:59.738 /dev/video4 3361 1 0
2018-10-04 04:53:01.742 /dev/video4 3393 1 0
2018-10-04 04:53:01.743 /dev/video5 3392 1 0
2018-10-04 04:53:03.747 /dev/video4 3425 1 0
2018-10-04 04:53:03.747 /dev/video5 3424 1 0
2018-10-04 04:53:05.750 /dev/video5 3456 1 0
2018-10-04 04:53:05.752 /dev/video4 3457 1 0
2018-10-04 04:53:07.754 /dev/video5 3488 1 0
2018-10-04 04:53:07.756 /dev/video4 3489 1 0
2018-10-04 04:53:09.821 /dev/video5 3521 1 0
2018-10-04 04:53:09.823 /dev/video4 3522 1 0
2018-10-04 04:53:11.827 /dev/video4 3554 1 0
2018-10-04 04:53:11.828 /dev/video5 3553 1 0
2018-10-04 04:53:13.831 /dev/video4 3586 1 0
2018-10-04 04:53:13.832 /dev/video5 3585 1 0
2018-10-04 04:53:15.835 /dev/video5 3617 1 0
2018-10-04 04:53:15.837 /dev/video4 3618 1 0
2018-10-04 04:53:17.839 /dev/video5 3649 1 0
2018-10-04 04:53:17.841 /dev/video4 3650 1 0
2018-10-04 04:53:19.845 /dev/video4 3682 1 0
2018-10-04 04:53:19.846 /dev/video5 3681 1 0
2018-10-04 04:53:21.849 /dev/video4 3714 1 0
2018-10-04 04:53:21.850 /dev/video5 3713 1 0
2018-10-04 04:53:23.853 /dev/video5 3745 1 0
2018-10-04 04:53:23.855 /dev/video4 3746 1 0
2018-10-04 04:53:25.857 /dev/video5 3777 1 0
2018-10-04 04:53:25.859 /dev/video4 3778 1 0
2018-10-04 04:53:27.863 /dev/video4 3810 1 0
2018-10-04 04:53:27.864 /dev/video5 3809 1 0
2018-10-04 04:53:29.867 /dev/video4 3842 1 0
2018-10-04 04:53:29.868 /dev/video5 3841 1 0
2018-10-04 04:53:31.871 /dev/video5 3873 1 0
2018-10-04 04:53:31.873 /dev/video4 3874 1 0
2018-10-04 04:53:33.875 /dev/video5 3905 1 0
2018-10-04 04:53:33.877 /dev/video4 3906 1 0
2018-10-04 04:53:35.881 /dev/video4 3938 1 0
2018-10-04 04:53:35.882 /dev/video5 3937 1 0
2018-10-04 04:53:37.948 /dev/video4 3971 1 0
2018-10-04 04:53:37.950 /dev/video5 3970 1 0
2018-10-04 04:53:39.952 /dev/video4 4003 1 0
2018-10-04 04:53:39.954 /dev/video5 4002 1 0
2018-10-04 04:53:41.956 /dev/video5 4034 1 0
2018-10-04 04:53:41.958 /dev/video4 4035 1 0
2018-10-04 04:53:43.960 /dev/video5 4066 1 0
2018-10-04 04:53:43.962 /dev/video4 4067 1 0
2018-10-04 04:53:45.966 /dev/video4 4099 1 0
2018-10-04 04:53:45.968 /dev/video5 4098 1 0
2018-10-04 04:53:47.970 /dev/video4 4131 1 0
2018-10-04 04:53:47.972 /dev/video5 4130 1 0
2018-10-04 04:53:49.974 /dev/video5 4162 1 0
2018-10-04 04:53:49.976 /dev/video4 4163 1 0
2018-10-04 04:53:51.978 /dev/video5 4194 1 0
2018-10-04 04:53:51.980 /dev/video4 4195 1 0
2018-10-04 04:53:53.985 /dev/video4 4227 1 0
2018-10-04 04:53:53.986 /dev/video5 4226 1 0
2018-10-04 04:53:55.988 /dev/video4 4259 1 0
2018-10-04 04:53:55.990 /dev/video5 4258 1 0
2018-10-04 04:53:57.992 /dev/video5 4290 1 0
2018-10-04 04:53:57.994 /dev/video4 4291 1 0
2018-10-04 04:53:59.996 /dev/video5 4322 1 0
2018-10-04 04:53:59.998 /dev/video4 4323 1 0
2018-10-04 04:54:02.002 /dev/video4 4355 1 0
2018-10-04 04:54:02.004 /dev/video5 4354 1 0
2018-10-04 04:54:04.006 /dev/video4 4387 1 0
2018-10-04 04:54:04.008 /dev/video5 4386 1 0
2018-10-04 04:54:06.010 /dev/video5 4418 1 0
2018-10-04 04:54:06.012 /dev/video4 4419 1 0
2018-10-04 04:54:08.077 /dev/video5 4451 1 0
2018-10-04 04:54:08.080 /dev/video4 4452 1 0
2018-10-04 04:54:10.084 /dev/video4 4484 1 0
2018-10-04 04:54:10.085 /dev/video5 4483 1 0
2018-10-04 04:54:12.088 /dev/video4 4516 1 0
2018-10-04 04:54:12.089 /dev/video5 4515 1 0
2018-10-04 04:54:14.091 /dev/video4 4548 1 0
2018-10-04 04:54:14.093 /dev/video5 4547 1 0
2018-10-04 04:54:16.095 /dev/video5 4579 1 0
2018-10-04 04:54:16.097 /dev/video4 4580 1 0
2018-10-04 04:54:18.101 /dev/video4 4612 1 0
2018-10-04 04:54:18.103 /dev/video5 4611 1 0
2018-10-04 04:54:20.105 /dev/video4 4644 1 0
2018-10-04 04:54:20.107 /dev/video5 4643 1 0
2018-10-04 04:54:22.109 /dev/video4 4676 1 0
2018-10-04 04:54:22.111 /dev/video5 4675 1 0
2018-10-04 04:54:24.114 /dev/video5 4707 1 0
2018-10-04 04:54:24.115 /dev/video4 4708 1 0
2018-10-04 04:54:26.121 /dev/video4 4740 1 0
2018-10-04 04:54:26.121 /dev/video5 4739 1 0
2018-10-04 04:54:28.124 /dev/video4 4772 1 0
2018-10-04 04:54:28.125 /dev/video5 4771 1 0
2018-10-04 04:54:30.128 /dev/video4 4804 1 0
2018-10-04 04:54:30.129 /dev/video5 4803 1 0
2018-10-04 04:54:32.132 /dev/video5 4835 1 0
2018-10-04 04:54:32.134 /dev/video4 4836 1 0
2018-10-04 04:54:34.138 /dev/video4 4868 1 0
2018-10-04 04:54:34.139 /dev/video5 4867 1 0
2018-10-04 04:54:36.205 /dev/video4 4901 1 0
2018-10-04 04:54:36.206 /dev/video5 4900 1 0
2018-10-04 04:54:38.209 /dev/video4 4933 1 0
2018-10-04 04:54:38.210 /dev/video5 4932 1 0
2018-10-04 04:54:40.213 /dev/video4 4965 1 0
2018-10-04 04:54:40.214 /dev/video5 4964 1 0
2018-10-04 04:54:42.217 /dev/video5 4996 1 0
2018-10-04 04:54:42.219 /dev/video4 4997 1 0
2018-10-04 04:54:44.223 /dev/video4 5029 1 0
2018-10-04 04:54:44.224 /dev/video5 5028 1 0
2018-10-04 04:54:46.227 /dev/video4 5061 1 0
2018-10-04 04:54:46.228 /dev/video5 5060 1 0
2018-10-04 04:54:48.231 /dev/video4 5093 1 0
2018-10-04 04:54:48.232 /dev/video5 5092 1 0
2018-10-04 04:54:50.235 /dev/video5 5124 1 0
2018-10-04 04:54:50.237 /dev/video4 5125 1 0
2018-10-04 04:54:52.241 /dev/video4 5157 1 0
2018-10-04 04:54:52.242 /dev/video5 5156 1 0
2018-10-04 04:54:54.245 /dev/video4 5189 1 0
2018-10-04 04:54:54.246 /dev/video5 5188 1 0
2018-10-04 04:54:56.249 /dev/video4 5221 1 0
2018-10-04 04:54:56.250 /dev/video5 5220 1 0
2018-10-04 04:54:58.253 /dev/video5 5252 1 0
2018-10-04 04:54:58.255 /dev/video4 5253 1 0
2018-10-04 04:55:00.259 /dev/video4 5285 1 0
2018-10-04 04:55:00.260 /dev/video5 5284 1 0
2018-10-04 04:55:02.263 /dev/video4 5317 1 0
2018-10-04 04:55:02.264 /dev/video5 5316 1 0
2018-10-04 04:55:04.268 /dev/video4 5349 1 0
2018-10-04 04:55:04.268 /dev/video5 5348 1 0
2018-10-04 04:55:06.335 /dev/video5 5381 1 0
2018-10-04 04:55:06.336 /dev/video4 5382 1 0
2018-10-04 04:55:08.338 /dev/video5 5413 1 0
2018-10-04 04:55:08.340 /dev/video4 5414 1 0
2018-10-04 04:55:10.345 /dev/video4 5446 1 0
2018-10-04 04:55:10.345 /dev/video5 5445 1 0
2018-10-04 04:55:12.349 /dev/video4 5478 1 0
2018-10-04 04:55:12.349 /dev/video5 5477 1 0
2018-10-04 04:55:14.352 /dev/video4 5510 1 0
2018-10-04 04:55:14.353 /dev/video5 5509 1 0
2018-10-04 04:55:16.356 /dev/video5 5541 1 0
2018-10-04 04:55:16.358 /dev/video4 5542 1 0
2018-10-04 04:55:18.363 /dev/video4 5574 1 0
2018-10-04 04:55:18.363 /dev/video5 5573 1 0
2018-10-04 04:55:20.366 /dev/video4 5606 1 0
2018-10-04 04:55:20.367 /dev/video5 5605 1 0
2018-10-04 04:55:22.370 /dev/video4 5638 1 0
2018-10-04 04:55:22.371 /dev/video5 5637 1 0
2018-10-04 04:55:24.374 /dev/video5 5669 1 0
2018-10-04 04:55:24.376 /dev/video4 5670 1 0
2018-10-04 04:55:26.361 /dev/video5 5700 1 0
2018-10-04 04:55:26.380 /dev/video4 5702 1 0
2018-10-04 04:55:28.384 /dev/video4 5734 1 0
2018-10-04 04:55:28.385 /dev/video5 5733 1 0
2018-10-04 04:55:30.388 /dev/video4 5766 1 0
2018-10-04 04:55:30.389 /dev/video5 5765 1 0
2018-10-04 04:55:32.392 /dev/video5 5797 1 0
2018-10-04 04:55:32.394 /dev/video4 5798 1 0
2018-10-04 04:55:34.398 /dev/video4 5830 1 0
2018-10-04 04:55:34.399 /dev/video5 5829 1 0
2018-10-04 04:55:36.465 /dev/video4 5863 1 0
2018-10-04 04:55:36.467 /dev/video5 5862 1 0
2018-10-04 04:55:38.469 /dev/video4 5895 1 0
2018-10-04 04:55:38.471 /dev/video5 5894 1 0
2018-10-04 04:55:40.473 /dev/video5 5926 1 0
2018-10-04 04:55:40.475 /dev/video4 5927 1 0
2018-10-04 04:55:42.477 /dev/video5 5958 1 0
2018-10-04 04:55:42.479 /dev/video4 5959 1 0
2018-10-04 04:55:44.483 /dev/video4 5991 1 0
2018-10-04 04:55:44.485 /dev/video5 5990 1 0
2018-10-04 04:55:46.488 /dev/video4 6023 1 0
2018-10-04 04:55:46.489 /dev/video5 6022 1 0
2018-10-04 04:55:48.491 /dev/video5 6054 1 0
2018-10-04 04:55:48.493 /dev/video4 6055 1 0
2018-10-04 04:55:50.495 /dev/video5 6086 1 0
2018-10-04 04:55:50.497 /dev/video4 6087 1 0
2018-10-04 04:55:52.502 /dev/video4 6119 1 0
2018-10-04 04:55:52.503 /dev/video5 6118 1 0
2018-10-04 04:55:54.506 /dev/video4 6151 1 0
2018-10-04 04:55:54.507 /dev/video5 6150 1 0
2018-10-04 04:55:56.509 /dev/video5 6182 1 0
2018-10-04 04:55:56.511 /dev/video4 6183 1 0
2018-10-04 04:55:58.513 /dev/video5 6214 1 0
2018-10-04 04:55:58.515 /dev/video4 6215 1 0
2018-10-04 04:56:00.520 /dev/video4 6247 1 0
2018-10-04 04:56:00.521 /dev/video5 6246 1 0
2018-10-04 04:56:02.523 /dev/video4 6279 1 0
2018-10-04 04:56:02.525 /dev/video5 6278 1 0
2018-10-04 04:56:04.590 /dev/video4 6312 1 0
2018-10-04 04:56:04.592 /dev/video5 6311 1 0
2018-10-04 04:56:06.594 /dev/video5 6343 1 0
2018-10-04 04:56:06.596 /dev/video4 6344 1 0
2018-10-04 04:56:08.598 /dev/video5 6375 1 0
2018-10-04 04:56:08.600 /dev/video4 6376 1 0
2018-10-04 04:56:10.604 /dev/video4 6408 1 0
2018-10-04 04:56:10.606 /dev/video5 6407 1 0
2018-10-04 04:56:12.608 /dev/video4 6440 1 0
2018-10-04 04:56:12.610 /dev/video5 6439 1 0
2018-10-04 04:56:14.612 /dev/video5 6471 1 0
2018-10-04 04:56:14.614 /dev/video4 6472 1 0
2018-10-04 04:56:16.617 /dev/video5 6503 1 0
2018-10-04 04:56:16.618 /dev/video4 6504 1 0
2018-10-04 04:56:18.624 /dev/video4 6536 1 0
2018-10-04 04:56:18.624 /dev/video5 6535 1 0
2018-10-04 04:56:20.628 /dev/video4 6568 1 0
2018-10-04 04:56:20.628 /dev/video5 6567 1 0
2018-10-04 04:56:22.631 /dev/video5 6599 1 0
2018-10-04 04:56:22.632 /dev/video4 6600 1 0
2018-10-04 04:56:24.635 /dev/video5 6631 1 0
2018-10-04 04:56:24.637 /dev/video4 6632 1 0
2018-10-04 04:56:26.642 /dev/video4 6664 1 0
2018-10-04 04:56:26.642 /dev/video5 6663 1 0
2018-10-04 04:56:28.646 /dev/video4 6696 1 0
2018-10-04 04:56:28.646 /dev/video5 6695 1 0
2018-10-04 04:56:30.649 /dev/video5 6727 1 0
2018-10-04 04:56:30.651 /dev/video4 6728 1 0
2018-10-04 04:56:32.655 /dev/video4 6760 1 0
2018-10-04 04:56:32.716 /dev/video5 6760 1 0
2018-10-04 04:56:34.720 /dev/video5 6792 1 0
2018-10-04 04:56:34.722 /dev/video4 6793 1 0
2018-10-04 04:56:36.727 /dev/video4 6825 1 0
2018-10-04 04:56:36.727 /dev/video5 6824 1 0
2018-10-04 04:56:38.731 /dev/video4 6857 1 0
2018-10-04 04:56:38.731 /dev/video5 6856 1 0
2018-10-04 04:56:40.734 /dev/video5 6888 1 0
2018-10-04 04:56:40.736 /dev/video4 6889 1 0
2018-10-04 04:56:42.738 /dev/video5 6920 1 0
2018-10-04 04:56:42.740 /dev/video4 6921 1 0
2018-10-04 04:56:44.744 /dev/video4 6953 1 0
2018-10-04 04:56:44.745 /dev/video5 6952 1 0
2018-10-04 04:56:46.748 /dev/video4 6985 1 0
2018-10-04 04:56:46.749 /dev/video5 6984 1 0
2018-10-04 04:56:48.752 /dev/video5 7016 1 0
2018-10-04 04:56:48.754 /dev/video4 7017 1 0
2018-10-04 04:56:50.756 /dev/video5 7048 1 0
2018-10-04 04:56:50.758 /dev/video4 7049 1 0
2018-10-04 04:56:52.763 /dev/video4 7081 1 0
2018-10-04 04:56:52.763 /dev/video5 7080 1 0
2018-10-04 04:56:54.767 /dev/video4 7113 1 0
2018-10-04 04:56:54.767 /dev/video5 7112 1 0
2018-10-04 04:56:56.770 /dev/video5 7144 1 0
2018-10-04 04:56:56.772 /dev/video4 7145 1 0
2018-10-04 04:56:58.774 /dev/video5 7176 1 0
2018-10-04 04:56:58.776 /dev/video4 7177 1 0
2018-10-04 04:57:00.780 /dev/video4 7209 1 0
2018-10-04 04:57:00.781 /dev/video5 7208 1 0
2018-10-04 04:57:02.847 /dev/video4 7242 1 0
2018-10-04 04:57:02.848 /dev/video5 7241 1 0
2018-10-04 04:57:04.851 /dev/video4 7274 1 0
2018-10-04 04:57:04.852 /dev/video5 7273 1 0
2018-10-04 04:57:06.855 /dev/video5 7305 1 0
2018-10-04 04:57:06.857 /dev/video4 7306 1 0
2018-10-04 04:57:08.861 /dev/video4 7338 1 0
2018-10-04 04:57:08.862 /dev/video5 7337 1 0
2018-10-04 04:57:10.865 /dev/video4 7370 1 0
2018-10-04 04:57:10.866 /dev/video5 7369 1 0
2018-10-04 04:57:12.869 /dev/video4 7402 1 0
2018-10-04 04:57:12.870 /dev/video5 7401 1 0
2018-10-04 04:57:14.873 /dev/video5 7433 1 0
2018-10-04 04:57:14.875 /dev/video4 7434 1 0
2018-10-04 04:57:16.879 /dev/video4 7466 1 0
2018-10-04 04:57:16.880 /dev/video5 7465 1 0
2018-10-04 04:57:18.883 /dev/video4 7498 1 0
2018-10-04 04:57:18.884 /dev/video5 7497 1 0
2018-10-04 04:57:20.887 /dev/video4 7530 1 0
2018-10-04 04:57:20.888 /dev/video5 7529 1 0
2018-10-04 04:57:22.891 /dev/video5 7561 1 0
2018-10-04 04:57:22.893 /dev/video4 7562 1 0
2018-10-04 04:57:24.897 /dev/video4 7594 1 0
2018-10-04 04:57:24.898 /dev/video5 7593 1 0
2018-10-04 04:57:26.901 /dev/video4 7626 1 0
2018-10-04 04:57:26.902 /dev/video5 7625 1 0
2018-10-04 04:57:28.968 /dev/video4 7659 1 0
2018-10-04 04:57:28.970 /dev/video5 7658 1 0
2018-10-04 04:57:30.972 /dev/video4 7691 1 0
2018-10-04 04:57:30.974 /dev/video5 7690 1 0
2018-10-04 04:57:32.976 /dev/video5 7722 1 0
2018-10-04 04:57:32.978 /dev/video4 7723 1 0
2018-10-04 04:57:34.982 /dev/video4 7755 1 0
2018-10-04 04:57:34.984 /dev/video5 7754 1 0
2018-10-04 04:57:36.986 /dev/video4 7787 1 0
2018-10-04 04:57:36.988 /dev/video5 7786 1 0
2018-10-04 04:57:38.990 /dev/video4 7819 1 0
2018-10-04 04:57:38.992 /dev/video5 7818 1 0
2018-10-04 04:57:40.994 /dev/video5 7850 1 0
2018-10-04 04:57:40.996 /dev/video4 7851 1 0
2018-10-04 04:57:43.000 /dev/video4 7883 1 0
2018-10-04 04:57:43.002 /dev/video5 7882 1 0
2018-10-04 04:57:45.004 /dev/video4 7915 1 0
2018-10-04 04:57:45.006 /dev/video5 7914 1 0
2018-10-04 04:57:47.008 /dev/video4 7947 1 0
2018-10-04 04:57:47.010 /dev/video5 7946 1 0
2018-10-04 04:57:49.012 /dev/video5 7978 1 0
2018-10-04 04:57:49.014 /dev/video4 7979 1 0
2018-10-04 04:57:51.018 /dev/video4 8011 1 0
2018-10-04 04:57:51.020 /dev/video5 8010 1 0
2018-10-04 04:57:53.022 /dev/video4 8043 1 0
2018-10-04 04:57:53.024 /dev/video5 8042 1 0
2018-10-04 04:57:55.026 /dev/video4 8075 1 0
2018-10-04 04:57:55.028 /dev/video5 8074 1 0
2018-10-04 04:57:57.093 /dev/video4 8108 1 0
2018-10-04 04:57:57.095 /dev/video5 8107 1 0
2018-10-04 04:57:59.097 /dev/video5 8139 1 0
2018-10-04 04:57:59.099 /dev/video4 8140 1 0
2018-10-04 04:58:01.103 /dev/video4 8172 1 0
2018-10-04 04:58:01.105 /dev/video5 8171 1 0
2018-10-04 04:58:03.109 /dev/video4 8204 1 0
2018-10-04 04:58:03.109 /dev/video5 8203 1 0
2018-10-04 04:58:05.113 /dev/video4 8236 1 0
2018-10-04 04:58:05.113 /dev/video5 8235 1 0
2018-10-04 04:58:07.116 /dev/video5 8267 1 0
2018-10-04 04:58:07.117 /dev/video4 8268 1 0
2018-10-04 04:58:09.122 /dev/video4 8300 1 0
2018-10-04 04:58:09.123 /dev/video5 8299 1 0
2018-10-04 04:58:11.126 /dev/video4 8332 1 0
2018-10-04 04:58:11.127 /dev/video5 8331 1 0
2018-10-04 04:58:13.130 /dev/video4 8364 1 0
2018-10-04 04:58:13.131 /dev/video5 8363 1 0
2018-10-04 04:58:15.134 /dev/video5 8395 1 0
2018-10-04 04:58:15.136 /dev/video4 8396 1 0
2018-10-04 04:58:17.140 /dev/video4 8428 1 0
2018-10-04 04:58:17.141 /dev/video5 8427 1 0
2018-10-04 04:58:19.144 /dev/video4 8460 1 0
2018-10-04 04:58:19.145 /dev/video5 8459 1 0
2018-10-04 04:58:21.148 /dev/video4 8492 1 0
2018-10-04 04:58:21.149 /dev/video5 8491 1 0
2018-10-04 04:58:23.215 /dev/video5 8524 1 0
2018-10-04 04:58:23.217 /dev/video4 8525 1 0
2018-10-04 04:58:25.219 /dev/video5 8556 1 0
2018-10-04 04:58:25.221 /dev/video4 8557 1 0
2018-10-04 04:58:27.226 /dev/video4 8589 1 0
2018-10-04 04:58:27.226 /dev/video5 8588 1 0
2018-10-04 04:58:29.230 /dev/video4 8621 1 0
2018-10-04 04:58:29.230 /dev/video5 8620 1 0
2018-10-04 04:58:31.233 /dev/video5 8652 1 0
2018-10-04 04:58:31.235 /dev/video4 8653 1 0
2018-10-04 04:58:33.237 /dev/video5 8684 1 0
2018-10-04 04:58:33.239 /dev/video4 8685 1 0
2018-10-04 04:58:35.243 /dev/video4 8717 1 0
2018-10-04 04:58:35.244 /dev/video5 8716 1 0
2018-10-04 04:58:37.247 /dev/video4 8749 1 0
2018-10-04 04:58:37.248 /dev/video5 8748 1 0
2018-10-04 04:58:39.251 /dev/video4 8781 1 0
2018-10-04 04:58:39.252 /dev/video5 8780 1 0
2018-10-04 04:58:41.255 /dev/video5 8812 1 0
2018-10-04 04:58:41.257 /dev/video4 8813 1 0
2018-10-04 04:58:43.261 /dev/video4 8845 1 0
2018-10-04 04:58:43.262 /dev/video5 8844 1 0
2018-10-04 04:58:45.265 /dev/video4 8877 1 0
2018-10-04 04:58:45.266 /dev/video5 8876 1 0
2018-10-04 04:58:47.269 /dev/video5 8908 1 0
2018-10-04 04:58:47.271 /dev/video4 8909 1 0
2018-10-04 04:58:49.336 /dev/video5 8941 1 0
2018-10-04 04:58:49.338 /dev/video4 8942 1 0
2018-10-04 04:58:51.340 /dev/video5 8973 1 0
2018-10-04 04:58:51.342 /dev/video4 8974 1 0
2018-10-04 04:58:53.346 /dev/video4 9006 1 0
2018-10-04 04:58:53.347 /dev/video5 9005 1 0
2018-10-04 04:58:55.350 /dev/video4 9038 1 0
2018-10-04 04:58:55.351 /dev/video5 9037 1 0
2018-10-04 04:58:57.354 /dev/video5 9069 1 0
2018-10-04 04:58:57.356 /dev/video4 9070 1 0
2018-10-04 04:58:59.358 /dev/video5 9101 1 0
2018-10-04 04:58:59.360 /dev/video4 9102 1 0
2018-10-04 04:59:01.364 /dev/video4 9134 1 0
2018-10-04 04:59:01.365 /dev/video5 9133 1 0
2018-10-04 04:59:03.368 /dev/video4 9166 1 0
2018-10-04 04:59:03.369 /dev/video5 9165 1 0
2018-10-04 04:59:05.372 /dev/video5 9197 1 0
2018-10-04 04:59:05.374 /dev/video4 9198 1 0
2018-10-04 04:59:07.376 /dev/video5 9229 1 0
2018-10-04 04:59:07.378 /dev/video4 9230 1 0
2018-10-04 04:59:09.382 /dev/video4 9262 1 0
2018-10-04 04:59:09.383 /dev/video5 9261 1 0
2018-10-04 04:59:11.386 /dev/video4 9294 1 0
2018-10-04 04:59:11.387 /dev/video5 9293 1 0
2018-10-04 04:59:13.390 /dev/video5 9325 1 0
2018-10-04 04:59:13.392 /dev/video4 9326 1 0
2018-10-04 04:59:15.457 /dev/video5 9358 1 0
2018-10-04 04:59:15.459 /dev/video4 9359 1 0
2018-10-04 04:59:17.461 /dev/video5 9390 1 0
2018-10-04 04:59:17.463 /dev/video4 9391 1 0
2018-10-04 04:59:19.468 /dev/video4 9423 1 0
2018-10-04 04:59:19.469 /dev/video5 9422 1 0
2018-10-04 04:59:21.471 /dev/video4 9455 1 0
2018-10-04 04:59:21.473 /dev/video5 9454 1 0
2018-10-04 04:59:23.475 /dev/video5 9486 1 0
2018-10-04 04:59:23.477 /dev/video4 9487 1 0
2018-10-04 04:59:25.479 /dev/video5 9518 1 0
2018-10-04 04:59:25.481 /dev/video4 9519 1 0
2018-10-04 04:59:27.485 /dev/video4 9551 1 0
2018-10-04 04:59:27.487 /dev/video5 9550 1 0
2018-10-04 04:59:29.489 /dev/video4 9583 1 0
2018-10-04 04:59:29.494 /dev/video5 9582 1 0
2018-10-04 04:59:31.493 /dev/video5 9614 1 0
2018-10-04 04:59:31.495 /dev/video4 9615 1 0
2018-10-04 04:59:33.497 /dev/video5 9646 1 0
2018-10-04 04:59:33.499 /dev/video4 9647 1 0
2018-10-04 04:59:35.503 /dev/video4 9679 1 0
2018-10-04 04:59:35.505 /dev/video5 9678 1 0
2018-10-04 04:59:37.507 /dev/video4 9711 1 0
2018-10-04 04:59:37.509 /dev/video5 9710 1 0
2018-10-04 04:59:39.511 /dev/video5 9742 1 0
2018-10-04 04:59:39.513 /dev/video4 9743 1 0
2018-10-04 04:59:41.517 /dev/video4 9775 1 0
2018-10-04 04:59:41.578 /dev/video5 9775 1 0
2018-10-04 04:59:43.584 /dev/video4 9808 1 0
2018-10-04 04:59:43.586 /dev/video5 9807 1 0
2018-10-04 04:59:45.588 /dev/video4 9840 1 0
2018-10-04 04:59:45.590 /dev/video5 9839 1 0
2018-10-04 04:59:47.594 /dev/video4 9872 1 0
2018-10-04 04:59:47.594 /dev/video5 9871 1 0
2018-10-04 04:59:49.596 /dev/video5 9903 1 0
2018-10-04 04:59:49.598 /dev/video4 9904 1 0
2018-10-04 04:59:51.604 /dev/video4 9936 1 0
2018-10-04 04:59:51.604 /dev/video5 9935 1 0
2018-10-04 04:59:53.608 /dev/video4 9968 1 0
2018-10-04 04:59:53.608 /dev/video5 9967 1 0
2018-10-04 04:59:55.610 /dev/video4 10000 1 0
2018-10-04 04:59:55.612 /dev/video5 9999 1 0
2018-10-04 04:59:57.615 /dev/video5 10031 1 0
2018-10-04 04:59:57.616 /dev/video4 10032 1 0
2018-10-04 04:59:59.621 /dev/video4 10064 1 0
2018-10-04 04:59:59.622 /dev/video5 10063 1 0
2018-10-04 05:00:01.625 /dev/video4 10096 1 0
2018-10-04 05:00:01.626 /dev/video5 10095 1 0
2018-10-04 05:00:03.629 /dev/video4 10128 1 0
2018-10-04 05:00:03.630 /dev/video5 10127 1 0
2018-10-04 05:00:05.633 /dev/video5 10159 1 0
2018-10-04 05:00:05.635 /dev/video4 10160 1 0
2018-10-04 05:00:07.640 /dev/video4 10192 1 0
2018-10-04 05:00:07.640 /dev/video5 10191 1 0
2018-10-04 05:00:09.706 /dev/video4 10225 1 0
2018-10-04 05:00:09.707 /dev/video5 10224 1 0
2018-10-04 05:00:11.710 /dev/video4 10257 1 0
2018-10-04 05:00:11.711 /dev/video5 10256 1 0
2018-10-04 05:00:13.714 /dev/video4 10289 1 0
2018-10-04 05:00:13.715 /dev/video5 10288 1 0
2018-10-04 05:00:15.718 /dev/video5 10320 1 0
2018-10-04 05:00:15.720 /dev/video4 10321 1 0
2018-10-04 05:00:17.725 /dev/video4 10353 1 0
2018-10-04 05:00:17.725 /dev/video5 10352 1 0
2018-10-04 05:00:19.728 /dev/video4 10385 1 0
2018-10-04 05:00:19.729 /dev/video5 10384 1 0
2018-10-04 05:00:21.732 /dev/video4 10417 1 0
2018-10-04 05:00:21.733 /dev/video5 10416 1 0
2018-10-04 05:00:23.736 /dev/video5 10448 1 0
2018-10-04 05:00:23.738 /dev/video4 10449 1 0
2018-10-04 05:00:25.742 /dev/video4 10481 1 0
2018-10-04 05:00:25.743 /dev/video5 10480 1 0
2018-10-04 05:00:27.746 /dev/video4 10513 1 0
2018-10-04 05:00:27.747 /dev/video5 10512 1 0
2018-10-04 05:00:29.750 /dev/video4 10545 1 0
2018-10-04 05:00:29.751 /dev/video5 10544 1 0
