-----------------------------------------------------------------------------------------------
[2020-06-04 14:49:16] [info] [master] [version]
Script Version : 	1.0
Board Type:		GG3.1
System Version:		"2.0.9",

======================================================================================
|  PORT  |  PRESENT  |      SERIAL NUMBER         |       FORMAT       |   VERSION   |
======================================================================================
|    0   |     NO    |              NULL          |        NULL        |     NULL    |
|    1   |     NO    |              NULL          |        NULL        |     NULL    |
|    2   |     NO    |              NULL          |        NULL        |     NULL    |
|    3   |     NO    |              NULL          |        NULL        |     NULL    |
|    4   |     NO    |              NULL          |        NULL        |     NULL    |
|    5   |     NO    |              NULL          |        NULL        |     NULL    |
|    6   |     NO    |              NULL          |        NULL        |     NULL    |
|    7   |     NO    |              NULL          |        NULL        |     NULL    |
======================================================================================

-----------------------------------------------------------------------------------------------
[2020-06-04 14:49:17] [info] [master] [system status]
RAM 724/6847MB (lfb 774x4MB) CPU [0%@1895,0%@1958,0%@1958,0%@1915,0%@1915,0%@1917] EMC_FREQ 0%@1600 GR3D_FREQ 0%@1134 APE 158 MTS fg 0% bg 0% BCPU@45.5C MCPU@45.5C GPU@42.5C PLL@45.5C Tboard@40C Tdiode@43C PMIC@100C thermal@44.3C VDD_IN 3546/3546 VDD_CPU 495/495 VDD_GPU 148/148 VDD_SOC 743/743 VDD_WIFI 0/0 VDD_DDR 730/730
RAM 724/6847MB (lfb 774x4MB) CPU [0%@1895,0%@1959,0%@1959,0%@1912,0%@1915,0%@1914] EMC_FREQ 0%@1600 GR3D_FREQ 0%@1134 APE 158 MTS fg 0% bg 0% BCPU@45C MCPU@45C GPU@42.5C PLL@45C Tboard@40C Tdiode@43C PMIC@100C thermal@44C VDD_IN 3323/3434 VDD_CPU 346/420 VDD_GPU 148/148 VDD_SOC 743/743 VDD_WIFI 0/0 VDD_DDR 711/720

 14:49:19 up 6 days,  4:53,  6 users,  load average: 2.05, 2.04, 2.00

Filesystem       Size  Used Avail Use% Mounted on
/dev/root        8.8G  5.8G  2.6G  70% /
devtmpfs         6.6G     0  6.6G   0% /dev
tmpfs            6.7G     0  6.7G   0% /dev/shm
tmpfs            6.7G  645M  6.1G  10% /run
tmpfs            5.0M  4.0K  5.0M   1% /run/lock
tmpfs            6.7G     0  6.7G   0% /sys/fs/cgroup
/dev/mmcblk0p29   19G  9.1G  8.9G  51% /home
tmpfs            685M  4.0K  685M   1% /run/user/106
/dev/sda         459G  133G  303G  31% /home/worker/disk
tmpfs            685M  4.0K  685M   1% /run/user/999

              total        used        free      shared  buff/cache   available
Mem:           6.7G        458M        3.1G        652M        3.2G        5.5G
Swap:            0B          0B          0B

-----------------------------------------------------------------------------------------------
[2020-06-04 14:49:19] [info] [slave] [system status]
Welcome to Ubuntu 16.04 LTS (GNU/Linux 4.4.38+ aarch64)

 * Documentation:  https://help.ubuntu.com/

565 packages can be updated.
291 updates are security updates.

New release '18.04.4 LTS' available.
Run 'do-release-upgrade' to upgrade to it.

RAM 651/6847MB (lfb 1368x4MB) CPU [0%@1928,0%@1959,0%@1958,0%@1920,0%@1915,0%@1914] EMC_FREQ 11%@1600 GR3D_FREQ 99%@1134 APE 158 MTS fg 0% bg 0% BCPU@61C MCPU@61C GPU@59C PLL@61C Tboard@56C Tdiode@59.75C PMIC@100C thermal@60.1C VDD_IN 10407/10407 VDD_CPU 3507/3507 VDD_GPU 3114/3114 VDD_SOC 939/939 VDD_WIFI 0/0 VDD_DDR 1327/1327
RAM 651/6847MB (lfb 1368x4MB) CPU [0%@1923,100%@1957,100%@1957,100%@1919,0%@1917,0%@1921] EMC_FREQ 11%@1600 GR3D_FREQ 99%@1134 APE 158 MTS fg 0% bg 0% BCPU@60.5C MCPU@60.5C GPU@59C PLL@60.5C Tboard@56C Tdiode@59.75C PMIC@100C thermal@60.2C VDD_IN 10332/10369 VDD_CPU 3458/3482 VDD_GPU 3114/3114 VDD_SOC 939/939 VDD_WIFI 0/0 VDD_DDR 1288/1307

 14:49:22 up 6 days,  5:03,  1 user,  load average: 5.11, 5.03, 5.01

Filesystem       Size  Used Avail Use% Mounted on
/dev/root        8.8G  5.1G  3.3G  61% /
devtmpfs         6.6G     0  6.6G   0% /dev
tmpfs            6.7G     0  6.7G   0% /dev/shm
tmpfs            6.7G  150M  6.6G   3% /run
tmpfs            5.0M     0  5.0M   0% /run/lock
tmpfs            6.7G     0  6.7G   0% /sys/fs/cgroup
/dev/mmcblk0p29   19G  6.8G   12G  38% /home
tmpfs            685M  4.0K  685M   1% /run/user/999

              total        used        free      shared  buff/cache   available
Mem:           6.7G        565M        5.4G        160M        777M        5.9G
Swap:            0B          0B          0B

-----------------------------------------------------------------------------------------------
[2020-06-04 14:49:22] [info] [master] [config para]
{
	"fb_switch": 1,
	"uos_name": "uisee_0424",
	"para_cpu": {
		"core_m_num": 2,
		"core_s_num": 2,
		"switch_m": 1,
		"switch_s": 1
	},
	"para_gpu": {
		"switch_m": 1,
		"switch_s": 1
	},
	"para_lidar": {
		"l1_ip": "192.168.100.105",
		"l1_name": "worker",
		"l2_ip": "192.168.100.105",
		"l2_name": "worker",
		"iperf_band": 500
	},
	"para_stat": {
		"mail_switch_annex": 0,
		"mail_switch_content": 1,
		"mail_cc_account" : "jianqiangx.shang@uisee.com, 425833796@qq.com"
	}
}
-----------------------------------------------------------------------------------------------
