2018-10-01 01:11:24.978 /dev/video5 27 1 0
2018-10-01 01:11:24.980 /dev/video4 27 1 0
2018-10-01 01:11:26.984 /dev/video4 59 1 0
2018-10-01 01:11:26.986 /dev/video5 59 1 0
2018-10-01 01:11:28.988 /dev/video4 91 1 0
2018-10-01 01:11:28.990 /dev/video5 91 1 0
2018-10-01 01:11:30.992 /dev/video5 123 1 0
2018-10-01 01:11:30.994 /dev/video4 123 1 0
2018-10-01 01:11:32.996 /dev/video5 155 1 0
2018-10-01 01:11:32.998 /dev/video4 155 1 0
2018-10-01 01:11:35.002 /dev/video4 187 1 0
2018-10-01 01:11:35.004 /dev/video5 187 1 0
2018-10-01 01:11:37.006 /dev/video4 219 1 0
2018-10-01 01:11:37.008 /dev/video5 219 1 0
2018-10-01 01:11:39.010 /dev/video5 251 1 0
2018-10-01 01:11:39.012 /dev/video4 251 1 0
2018-10-01 01:11:41.014 /dev/video5 283 1 0
2018-10-01 01:11:41.016 /dev/video4 283 1 0
2018-10-01 01:11:43.082 /dev/video5 316 1 0
2018-10-01 01:11:43.084 /dev/video4 316 1 0
2018-10-01 01:11:45.088 /dev/video4 348 1 0
2018-10-01 01:11:45.089 /dev/video5 348 1 0
2018-10-01 01:11:47.092 /dev/video4 380 1 0
2018-10-01 01:11:47.093 /dev/video5 380 1 0
2018-10-01 01:11:49.096 /dev/video5 412 1 0
2018-10-01 01:11:49.098 /dev/video4 412 1 0
2018-10-01 01:11:51.100 /dev/video5 444 1 0
2018-10-01 01:11:51.102 /dev/video4 444 1 0
2018-10-01 01:11:53.106 /dev/video4 476 1 0
2018-10-01 01:11:53.107 /dev/video5 476 1 0
2018-10-01 01:11:55.110 /dev/video4 508 1 0
2018-10-01 01:11:55.111 /dev/video5 508 1 0
2018-10-01 01:11:57.114 /dev/video5 540 1 0
2018-10-01 01:11:57.116 /dev/video4 540 1 0
2018-10-01 01:11:59.118 /dev/video5 572 1 0
2018-10-01 01:11:59.120 /dev/video4 572 1 0
2018-10-01 01:12:01.125 /dev/video4 604 1 0
2018-10-01 01:12:01.125 /dev/video5 604 1 0
2018-10-01 01:12:03.128 /dev/video4 636 1 0
2018-10-01 01:12:03.129 /dev/video5 636 1 0
2018-10-01 01:12:05.132 /dev/video5 668 1 0
2018-10-01 01:12:05.134 /dev/video4 668 1 0
2018-10-01 01:12:07.136 /dev/video5 700 1 0
2018-10-01 01:12:07.138 /dev/video4 700 1 0
2018-10-01 01:12:09.142 /dev/video4 732 1 0
2018-10-01 01:12:09.143 /dev/video5 732 1 0
2018-10-01 01:12:11.209 /dev/video4 765 1 0
2018-10-01 01:12:11.210 /dev/video5 765 1 0
2018-10-01 01:12:13.213 /dev/video4 797 1 0
2018-10-01 01:12:13.214 /dev/video5 797 1 0
2018-10-01 01:12:15.217 /dev/video5 829 1 0
2018-10-01 01:12:15.219 /dev/video4 829 1 0
2018-10-01 01:12:17.223 /dev/video4 861 1 0
2018-10-01 01:12:17.224 /dev/video5 861 1 0
2018-10-01 01:12:19.227 /dev/video4 893 1 0
2018-10-01 01:12:19.228 /dev/video5 893 1 0
2018-10-01 01:12:21.231 /dev/video4 925 1 0
2018-10-01 01:12:21.232 /dev/video5 925 1 0
2018-10-01 01:12:23.235 /dev/video5 957 1 0
2018-10-01 01:12:23.237 /dev/video4 957 1 0
