2018-10-01 01:15:00.905 /dev/video4 28 1 0
2018-10-01 01:15:00.905 /dev/video5 27 1 0
2018-10-01 01:15:02.909 /dev/video4 60 1 0
2018-10-01 01:15:02.909 /dev/video5 59 1 0
2018-10-01 01:15:04.912 /dev/video5 91 1 0
2018-10-01 01:15:04.914 /dev/video4 92 1 0
2018-10-01 01:15:06.918 /dev/video4 124 1 0
2018-10-01 01:15:06.919 /dev/video5 123 1 0
2018-10-01 01:15:08.922 /dev/video4 156 1 0
2018-10-01 01:15:08.923 /dev/video5 155 1 0
2018-10-01 01:15:10.926 /dev/video5 187 1 0
2018-10-01 01:15:10.928 /dev/video4 188 1 0
2018-10-01 01:15:12.930 /dev/video5 219 1 0
2018-10-01 01:15:12.932 /dev/video4 220 1 0
2018-10-01 01:15:14.936 /dev/video4 252 1 0
2018-10-01 01:15:14.937 /dev/video5 251 1 0
2018-10-01 01:15:16.940 /dev/video4 284 1 0
2018-10-01 01:15:16.941 /dev/video5 283 1 0
2018-10-01 01:15:18.944 /dev/video4 316 1 0
2018-10-01 01:15:18.945 /dev/video5 315 1 0
2018-10-01 01:15:20.948 /dev/video5 347 1 0
2018-10-01 01:15:20.950 /dev/video4 348 1 0
2018-10-01 01:15:22.954 /dev/video4 380 1 0
2018-10-01 01:15:22.955 /dev/video5 379 1 0
2018-10-01 01:15:24.959 /dev/video5 411 1 0
2018-10-01 01:15:25.021 /dev/video4 413 1 0
2018-10-01 01:15:27.025 /dev/video4 445 1 0
2018-10-01 01:15:27.026 /dev/video5 444 1 0
2018-10-01 01:15:29.029 /dev/video5 476 1 0
2018-10-01 01:15:29.031 /dev/video4 477 1 0
2018-10-01 01:15:31.033 /dev/video5 508 1 0
2018-10-01 01:15:31.035 /dev/video4 509 1 0
2018-10-01 01:15:33.039 /dev/video4 541 1 0
2018-10-01 01:15:33.040 /dev/video5 540 1 0
2018-10-01 01:15:35.043 /dev/video4 573 1 0
2018-10-01 01:15:35.044 /dev/video5 572 1 0
2018-10-01 01:15:37.047 /dev/video5 604 1 0
2018-10-01 01:15:37.049 /dev/video4 605 1 0
2018-10-01 01:15:39.051 /dev/video5 636 1 0
2018-10-01 01:15:39.053 /dev/video4 637 1 0
2018-10-01 01:15:41.057 /dev/video4 669 1 0
2018-10-01 01:15:41.058 /dev/video5 668 1 0
2018-10-01 01:15:43.061 /dev/video4 701 1 0
2018-10-01 01:15:43.062 /dev/video5 700 1 0
2018-10-01 01:15:45.065 /dev/video5 732 1 0
2018-10-01 01:15:45.067 /dev/video4 733 1 0
2018-10-01 01:15:47.069 /dev/video5 764 1 0
2018-10-01 01:15:47.071 /dev/video4 765 1 0
2018-10-01 01:15:49.075 /dev/video4 797 1 0
2018-10-01 01:15:49.076 /dev/video5 796 1 0
2018-10-01 01:15:51.079 /dev/video4 829 1 0
2018-10-01 01:15:51.080 /dev/video5 828 1 0
2018-10-01 01:15:53.083 /dev/video5 860 1 0
2018-10-01 01:15:53.085 /dev/video4 861 1 0
2018-10-01 01:15:55.087 /dev/video5 892 1 0
2018-10-01 01:15:55.089 /dev/video4 893 1 0
2018-10-01 01:15:57.154 /dev/video5 925 1 0
2018-10-01 01:15:57.156 /dev/video4 926 1 0
2018-10-01 01:15:59.160 /dev/video4 958 1 0
2018-10-01 01:15:59.161 /dev/video5 957 1 0
2018-10-01 01:16:01.164 /dev/video4 990 1 0
2018-10-01 01:16:01.166 /dev/video5 989 1 0
2018-10-01 01:16:03.168 /dev/video5 1021 1 0
2018-10-01 01:16:03.170 /dev/video4 1022 1 0
2018-10-01 01:16:05.172 /dev/video5 1053 1 0
2018-10-01 01:16:05.174 /dev/video4 1054 1 0
2018-10-01 01:16:07.178 /dev/video4 1086 1 0
2018-10-01 01:16:07.180 /dev/video5 1085 1 0
2018-10-01 01:16:09.184 /dev/video4 1118 1 0
2018-10-01 01:16:09.184 /dev/video5 1117 1 0
2018-10-01 01:16:11.186 /dev/video5 1149 1 0
2018-10-01 01:16:11.188 /dev/video4 1150 1 0
2018-10-01 01:16:13.190 /dev/video5 1181 1 0
2018-10-01 01:16:13.192 /dev/video4 1182 1 0
2018-10-01 01:16:15.198 /dev/video4 1214 1 0
2018-10-01 01:16:15.198 /dev/video5 1213 1 0
2018-10-01 01:16:17.202 /dev/video4 1246 1 0
2018-10-01 01:16:17.202 /dev/video5 1245 1 0
2018-10-01 01:16:19.204 /dev/video5 1277 1 0
2018-10-01 01:16:19.206 /dev/video4 1278 1 0
2018-10-01 01:16:21.208 /dev/video5 1309 1 0
2018-10-01 01:16:21.210 /dev/video4 1310 1 0
2018-10-01 01:16:23.215 /dev/video4 1342 1 0
2018-10-01 01:16:23.216 /dev/video5 1341 1 0
