-----------------------------------------------------------------------------------------------
[2020-06-04 11:36:29] [info] [master] [version]
Script Version : 	1.0
Board Type:		GG3.1
System Version:		"2.0.9",

======================================================================================
|  PORT  |  PRESENT  |      SERIAL NUMBER         |       FORMAT       |   VERSION   |
======================================================================================
|    0   |     NO    |              NULL          |        NULL        |     NULL    |
|    1   |     NO    |              NULL          |        NULL        |     NULL    |
|    2   |     NO    |              NULL          |        NULL        |     NULL    |
|    3   |     NO    |              NULL          |        NULL        |     NULL    |
|    4   |     NO    |              NULL          |        NULL        |     NULL    |
|    5   |     NO    |              NULL          |        NULL        |     NULL    |
|    6   |     NO    |              NULL          |        NULL        |     NULL    |
|    7   |     NO    |              NULL          |        NULL        |     NULL    |
======================================================================================

-----------------------------------------------------------------------------------------------
[2020-06-04 11:36:30] [info] [master] [system status]
RAM 723/6847MB (lfb 778x4MB) CPU [0%@1896,0%@1958,0%@1959,0%@1915,0%@1912,0%@1912] EMC_FREQ 0%@1600 GR3D_FREQ 0%@1134 APE 158 MTS fg 0% bg 0% BCPU@44.5C MCPU@44.5C GPU@42C PLL@44.5C Tboard@40C Tdiode@42.5C PMIC@100C thermal@43.5C VDD_IN 3521/3521 VDD_CPU 495/495 VDD_GPU 148/148 VDD_SOC 743/743 VDD_WIFI 0/0 VDD_DDR 730/730
RAM 723/6847MB (lfb 778x4MB) CPU [0%@1892,0%@1958,0%@1959,0%@1912,2%@1912,0%@1912] EMC_FREQ 0%@1600 GR3D_FREQ 0%@1134 APE 158 MTS fg 0% bg 0% BCPU@44.5C MCPU@44.5C GPU@42C PLL@44.5C Tboard@40C Tdiode@42.5C PMIC@100C thermal@43.5C VDD_IN 3298/3409 VDD_CPU 297/396 VDD_GPU 99/123 VDD_SOC 743/743 VDD_WIFI 0/0 VDD_DDR 711/720

 11:36:32 up 6 days,  1:40,  6 users,  load average: 2.12, 2.06, 2.01

Filesystem       Size  Used Avail Use% Mounted on
/dev/root        8.8G  5.8G  2.6G  70% /
devtmpfs         6.6G     0  6.6G   0% /dev
tmpfs            6.7G     0  6.7G   0% /dev/shm
tmpfs            6.7G  629M  6.1G  10% /run
tmpfs            5.0M  4.0K  5.0M   1% /run/lock
tmpfs            6.7G     0  6.7G   0% /sys/fs/cgroup
/dev/mmcblk0p29   19G  9.1G  9.0G  51% /home
tmpfs            685M  4.0K  685M   1% /run/user/106
/dev/sda         459G  133G  303G  31% /home/worker/disk
tmpfs            685M  4.0K  685M   1% /run/user/999

              total        used        free      shared  buff/cache   available
Mem:           6.7G        457M        3.1G        636M        3.1G        5.5G
Swap:            0B          0B          0B

-----------------------------------------------------------------------------------------------
[2020-06-04 11:36:32] [info] [slave] [system status]
Welcome to Ubuntu 16.04 LTS (GNU/Linux 4.4.38+ aarch64)

 * Documentation:  https://help.ubuntu.com/

565 packages can be updated.
291 updates are security updates.

New release '18.04.4 LTS' available.
Run 'do-release-upgrade' to upgrade to it.

RAM 649/6847MB (lfb 1368x4MB) CPU [0%@1917,0%@1958,0%@1958,0%@1916,0%@1917,0%@1917] EMC_FREQ 11%@1600 GR3D_FREQ 99%@1134 APE 158 MTS fg 0% bg 0% BCPU@61C MCPU@61C GPU@59C PLL@61C Tboard@55C Tdiode@59.25C PMIC@100C thermal@59.4C VDD_IN 10456/10456 VDD_CPU 3507/3507 VDD_GPU 3164/3164 VDD_SOC 939/939 VDD_WIFI 0/0 VDD_DDR 1346/1346
RAM 649/6847MB (lfb 1368x4MB) CPU [0%@1914,100%@1958,100%@1958,0%@1918,100%@1915,0%@1912] EMC_FREQ 11%@1600 GR3D_FREQ 99%@1134 APE 158 MTS fg 0% bg 0% BCPU@60.5C MCPU@60.5C GPU@59C PLL@60.5C Tboard@55C Tdiode@59.25C PMIC@100C thermal@59.7C VDD_IN 10135/10295 VDD_CPU 3260/3383 VDD_GPU 3164/3164 VDD_SOC 939/939 VDD_WIFI 0/0 VDD_DDR 1307/1326

 11:36:34 up 6 days,  1:50,  1 user,  load average: 5.02, 5.01, 5.00

Filesystem       Size  Used Avail Use% Mounted on
/dev/root        8.8G  5.1G  3.3G  61% /
devtmpfs         6.6G     0  6.6G   0% /dev
tmpfs            6.7G     0  6.7G   0% /dev/shm
tmpfs            6.7G  150M  6.6G   3% /run
tmpfs            5.0M     0  5.0M   0% /run/lock
tmpfs            6.7G     0  6.7G   0% /sys/fs/cgroup
/dev/mmcblk0p29   19G  6.8G   12G  38% /home
tmpfs            685M  4.0K  685M   1% /run/user/999

              total        used        free      shared  buff/cache   available
Mem:           6.7G        563M        5.4G        160M        776M        5.9G
Swap:            0B          0B          0B

-----------------------------------------------------------------------------------------------
[2020-06-04 11:36:34] [info] [master] [config para]
{
	"fb_switch": 1,
	"uos_name": "uisee_0424",
	"para_cpu": {
		"core_m_num": 2,
		"core_s_num": 2,
		"switch_m": 1,
		"switch_s": 1
	},
	"para_gpu": {
		"switch_m": 1,
		"switch_s": 1
	},
	"para_lidar": {
		"l1_ip": "192.168.100.105",
		"l1_name": "worker",
		"l2_ip": "192.168.100.105",
		"l2_name": "worker",
		"iperf_band": 500
	},
	"para_stat": {
		"mail_switch_annex": 0,
		"mail_switch_content": 1,
		"mail_cc_account" : "jianqiangx.shang@uisee.com, 425833796@qq.com"
	}
}
-----------------------------------------------------------------------------------------------
